{"C:\\Users\\Usr\\Desktop\\Stellar-Burger\\src\\services\\rootReducer.ts": {"path":"C:\\Users\\Usr\\Desktop\\Stellar-Burger\\src\\services\\rootReducer.ts","statementMap":{"0":{"start":{"line":7,"column":20},"end":{"line":12,"column":2}}},"fnMap":{},"branchMap":{},"s":{"0":1},"f":{},"b":{},"_coverageSchema":"1a1c01bbd47fc00a2c39e90264f33305004495a9","hash":"f0cef3c8c21ce880c6f7022fe25f98b92bc19aaa"}
,"C:\\Users\\Usr\\Desktop\\Stellar-Burger\\src\\services\\slices\\constructorSlice.ts": {"path":"C:\\Users\\Usr\\Desktop\\Stellar-Burger\\src\\services\\slices\\constructorSlice.ts","statementMap":{"0":{"start":{"line":10,"column":40},"end":{"line":13,"column":1}},"1":{"start":{"line":15,"column":25},"end":{"line":50,"column":2}},"2":{"start":{"line":21,"column":8},"end":{"line":25,"column":9}},"3":{"start":{"line":22,"column":10},"end":{"line":22,"column":37}},"4":{"start":{"line":24,"column":10},"end":{"line":24,"column":49}},"5":{"start":{"line":27,"column":45},"end":{"line":29,"column":7}},"6":{"start":{"line":32,"column":6},"end":{"line":34,"column":8}},"7":{"start":{"line":33,"column":18},"end":{"line":33,"column":44}},"8":{"start":{"line":40,"column":40},"end":{"line":40,"column":54}},"9":{"start":{"line":41,"column":29},"end":{"line":41,"column":57}},"10":{"start":{"line":42,"column":6},"end":{"line":42,"column":45}},"11":{"start":{"line":43,"column":6},"end":{"line":43,"column":62}},"12":{"start":{"line":46,"column":6},"end":{"line":46,"column":23}},"13":{"start":{"line":47,"column":6},"end":{"line":47,"column":29}},"14":{"start":{"line":57,"column":4},"end":{"line":57,"column":28}}},"fnMap":{"0":{"name":"(anonymous_0)","decl":{"start":{"line":20,"column":15},"end":{"line":20,"column":16}},"loc":{"start":{"line":20,"column":73},"end":{"line":26,"column":7}},"line":20},"1":{"name":"(anonymous_1)","decl":{"start":{"line":27,"column":15},"end":{"line":27,"column":16}},"loc":{"start":{"line":27,"column":45},"end":{"line":29,"column":7}},"line":27},"2":{"name":"(anonymous_2)","decl":{"start":{"line":31,"column":22},"end":{"line":31,"column":23}},"loc":{"start":{"line":31,"column":64},"end":{"line":35,"column":5}},"line":31},"3":{"name":"(anonymous_3)","decl":{"start":{"line":33,"column":8},"end":{"line":33,"column":9}},"loc":{"start":{"line":33,"column":18},"end":{"line":33,"column":44}},"line":33},"4":{"name":"(anonymous_4)","decl":{"start":{"line":36,"column":20},"end":{"line":36,"column":21}},"loc":{"start":{"line":39,"column":9},"end":{"line":44,"column":5}},"line":39},"5":{"name":"(anonymous_5)","decl":{"start":{"line":45,"column":22},"end":{"line":45,"column":23}},"loc":{"start":{"line":45,"column":33},"end":{"line":48,"column":5}},"line":45}},"branchMap":{"0":{"loc":{"start":{"line":21,"column":8},"end":{"line":25,"column":9}},"type":"if","locations":[{"start":{"line":21,"column":8},"end":{"line":25,"column":9}},{"start":{"line":23,"column":15},"end":{"line":25,"column":9}}],"line":21}},"s":{"0":2,"1":2,"2":8,"3":2,"4":6,"5":8,"6":1,"7":1,"8":1,"9":1,"10":1,"11":1,"12":1,"13":1,"14":2},"f":{"0":8,"1":8,"2":1,"3":1,"4":1,"5":1},"b":{"0":[2,6]},"_coverageSchema":"1a1c01bbd47fc00a2c39e90264f33305004495a9","hash":"5f89e71c5231304c640e550e602388b0bfc3e22c"}
,"C:\\Users\\Usr\\Desktop\\Stellar-Burger\\src\\services\\slices\\ingredientsSlice.ts": {"path":"C:\\Users\\Usr\\Desktop\\Stellar-Burger\\src\\services\\slices\\ingredientsSlice.ts","statementMap":{"0":{"start":{"line":5,"column":32},"end":{"line":17,"column":2}},"1":{"start":{"line":10,"column":2},"end":{"line":16,"column":3}},"2":{"start":{"line":11,"column":4},"end":{"line":11,"column":37}},"3":{"start":{"line":13,"column":4},"end":{"line":15,"column":6}},"4":{"start":{"line":25,"column":40},"end":{"line":29,"column":1}},"5":{"start":{"line":31,"column":25},"end":{"line":53,"column":2}},"6":{"start":{"line":36,"column":4},"end":{"line":51,"column":9}},"7":{"start":{"line":38,"column":8},"end":{"line":38,"column":31}},"8":{"start":{"line":39,"column":8},"end":{"line":39,"column":27}},"9":{"start":{"line":44,"column":10},"end":{"line":44,"column":34}},"10":{"start":{"line":45,"column":10},"end":{"line":45,"column":45}},"11":{"start":{"line":49,"column":8},"end":{"line":49,"column":32}},"12":{"start":{"line":50,"column":8},"end":{"line":50,"column":71}}},"fnMap":{"0":{"name":"(anonymous_0)","decl":{"start":{"line":9,"column":34},"end":{"line":9,"column":35}},"loc":{"start":{"line":9,"column":68},"end":{"line":17,"column":1}},"line":9},"1":{"name":"(anonymous_1)","decl":{"start":{"line":35,"column":17},"end":{"line":35,"column":18}},"loc":{"start":{"line":35,"column":30},"end":{"line":52,"column":3}},"line":35},"2":{"name":"(anonymous_2)","decl":{"start":{"line":37,"column":41},"end":{"line":37,"column":42}},"loc":{"start":{"line":37,"column":52},"end":{"line":40,"column":7}},"line":37},"3":{"name":"(anonymous_3)","decl":{"start":{"line":43,"column":8},"end":{"line":43,"column":9}},"loc":{"start":{"line":43,"column":57},"end":{"line":46,"column":9}},"line":43},"4":{"name":"(anonymous_4)","decl":{"start":{"line":48,"column":42},"end":{"line":48,"column":43}},"loc":{"start":{"line":48,"column":61},"end":{"line":51,"column":7}},"line":48}},"branchMap":{"0":{"loc":{"start":{"line":14,"column":6},"end":{"line":14,"column":67}},"type":"cond-expr","locations":[{"start":{"line":14,"column":31},"end":{"line":14,"column":44}},{"start":{"line":14,"column":47},"end":{"line":14,"column":67}}],"line":14},"1":{"loc":{"start":{"line":50,"column":22},"end":{"line":50,"column":70}},"type":"binary-expr","locations":[{"start":{"line":50,"column":22},"end":{"line":50,"column":36}},{"start":{"line":50,"column":40},"end":{"line":50,"column":70}}],"line":50}},"s":{"0":2,"1":0,"2":0,"3":0,"4":2,"5":2,"6":2,"7":1,"8":1,"9":1,"10":1,"11":1,"12":1},"f":{"0":0,"1":2,"2":1,"3":1,"4":1},"b":{"0":[0,0],"1":[1,0]},"_coverageSchema":"1a1c01bbd47fc00a2c39e90264f33305004495a9","hash":"df88d09875be61d8c43a4baca6c9978ded1794d9"}
,"C:\\Users\\Usr\\Desktop\\Stellar-Burger\\src\\services\\slices\\ordersSlice.ts": {"path":"C:\\Users\\Usr\\Desktop\\Stellar-Burger\\src\\services\\slices\\ordersSlice.ts","statementMap":{"0":{"start":{"line":17,"column":27},"end":{"line":23,"column":1}},"1":{"start":{"line":20,"column":17},"end":{"line":20,"column":50}},"2":{"start":{"line":21,"column":4},"end":{"line":21,"column":16}},"3":{"start":{"line":25,"column":24},"end":{"line":28,"column":2}},"4":{"start":{"line":26,"column":15},"end":{"line":26,"column":34}},"5":{"start":{"line":27,"column":2},"end":{"line":27,"column":14}},"6":{"start":{"line":30,"column":29},"end":{"line":36,"column":1}},"7":{"start":{"line":33,"column":17},"end":{"line":33,"column":37}},"8":{"start":{"line":34,"column":4},"end":{"line":34,"column":16}},"9":{"start":{"line":38,"column":32},"end":{"line":44,"column":1}},"10":{"start":{"line":41,"column":17},"end":{"line":41,"column":50}},"11":{"start":{"line":42,"column":4},"end":{"line":42,"column":26}},"12":{"start":{"line":61,"column":35},"end":{"line":73,"column":1}},"13":{"start":{"line":75,"column":20},"end":{"line":200,"column":2}},"14":{"start":{"line":80,"column":6},"end":{"line":80,"column":32}},"15":{"start":{"line":83,"column":6},"end":{"line":83,"column":43}},"16":{"start":{"line":87,"column":4},"end":{"line":198,"column":8}},"17":{"start":{"line":90,"column":8},"end":{"line":90,"column":29}},"18":{"start":{"line":91,"column":8},"end":{"line":91,"column":27}},"19":{"start":{"line":94,"column":8},"end":{"line":94,"column":30}},"20":{"start":{"line":95,"column":8},"end":{"line":95,"column":50}},"21":{"start":{"line":98,"column":8},"end":{"line":98,"column":30}},"22":{"start":{"line":99,"column":8},"end":{"line":99,"column":71}},"23":{"start":{"line":103,"column":8},"end":{"line":103,"column":29}},"24":{"start":{"line":104,"column":8},"end":{"line":104,"column":27}},"25":{"start":{"line":107,"column":8},"end":{"line":107,"column":30}},"26":{"start":{"line":108,"column":8},"end":{"line":108,"column":44}},"27":{"start":{"line":109,"column":8},"end":{"line":109,"column":43}},"28":{"start":{"line":110,"column":8},"end":{"line":110,"column":53}},"29":{"start":{"line":113,"column":8},"end":{"line":113,"column":30}},"30":{"start":{"line":114,"column":8},"end":{"line":114,"column":78}},"31":{"start":{"line":118,"column":8},"end":{"line":118,"column":29}},"32":{"start":{"line":119,"column":8},"end":{"line":119,"column":27}},"33":{"start":{"line":124,"column":10},"end":{"line":124,"column":32}},"34":{"start":{"line":125,"column":10},"end":{"line":125,"column":40}},"35":{"start":{"line":129,"column":8},"end":{"line":129,"column":30}},"36":{"start":{"line":130,"column":8},"end":{"line":131,"column":73}},"37":{"start":{"line":135,"column":8},"end":{"line":135,"column":29}},"38":{"start":{"line":136,"column":8},"end":{"line":136,"column":27}},"39":{"start":{"line":141,"column":10},"end":{"line":141,"column":32}},"40":{"start":{"line":142,"column":10},"end":{"line":142,"column":47}},"41":{"start":{"line":146,"column":8},"end":{"line":146,"column":30}},"42":{"start":{"line":147,"column":8},"end":{"line":147,"column":71}},"43":{"start":{"line":151,"column":20},"end":{"line":151,"column":57}},"44":{"start":{"line":153,"column":10},"end":{"line":157,"column":11}},"45":{"start":{"line":154,"column":12},"end":{"line":154,"column":41}},"46":{"start":{"line":155,"column":17},"end":{"line":157,"column":11}},"47":{"start":{"line":156,"column":12},"end":{"line":156,"column":47}},"48":{"start":{"line":158,"column":10},"end":{"line":158,"column":31}},"49":{"start":{"line":162,"column":20},"end":{"line":162,"column":55}},"50":{"start":{"line":164,"column":10},"end":{"line":168,"column":11}},"51":{"start":{"line":165,"column":12},"end":{"line":165,"column":42}},"52":{"start":{"line":166,"column":17},"end":{"line":168,"column":11}},"53":{"start":{"line":167,"column":12},"end":{"line":167,"column":48}},"54":{"start":{"line":169,"column":10},"end":{"line":169,"column":47}},"55":{"start":{"line":173,"column":20},"end":{"line":173,"column":56}},"56":{"start":{"line":175,"column":10},"end":{"line":179,"column":11}},"57":{"start":{"line":176,"column":12},"end":{"line":176,"column":42}},"58":{"start":{"line":177,"column":17},"end":{"line":179,"column":11}},"59":{"start":{"line":178,"column":12},"end":{"line":178,"column":48}},"60":{"start":{"line":183,"column":20},"end":{"line":183,"column":50}},"61":{"start":{"line":185,"column":38},"end":{"line":185,"column":52}},"62":{"start":{"line":187,"column":10},"end":{"line":196,"column":11}},"63":{"start":{"line":188,"column":12},"end":{"line":195,"column":13}},"64":{"start":{"line":189,"column":14},"end":{"line":189,"column":43}},"65":{"start":{"line":190,"column":14},"end":{"line":190,"column":75}},"66":{"start":{"line":190,"column":47},"end":{"line":190,"column":75}},"67":{"start":{"line":191,"column":14},"end":{"line":192,"column":54}},"68":{"start":{"line":192,"column":16},"end":{"line":192,"column":54}},"69":{"start":{"line":193,"column":19},"end":{"line":195,"column":13}},"70":{"start":{"line":194,"column":14},"end":{"line":194,"column":44}},"71":{"start":{"line":202,"column":55},"end":{"line":202,"column":74}}},"fnMap":{"0":{"name":"(anonymous_0)","decl":{"start":{"line":19,"column":2},"end":{"line":19,"column":3}},"loc":{"start":{"line":19,"column":35},"end":{"line":22,"column":3}},"line":19},"1":{"name":"(anonymous_1)","decl":{"start":{"line":25,"column":60},"end":{"line":25,"column":61}},"loc":{"start":{"line":25,"column":72},"end":{"line":28,"column":1}},"line":25},"2":{"name":"(anonymous_2)","decl":{"start":{"line":32,"column":2},"end":{"line":32,"column":3}},"loc":{"start":{"line":32,"column":14},"end":{"line":35,"column":3}},"line":32},"3":{"name":"(anonymous_3)","decl":{"start":{"line":40,"column":2},"end":{"line":40,"column":3}},"loc":{"start":{"line":40,"column":28},"end":{"line":43,"column":3}},"line":40},"4":{"name":"(anonymous_4)","decl":{"start":{"line":79,"column":23},"end":{"line":79,"column":24}},"loc":{"start":{"line":79,"column":34},"end":{"line":81,"column":5}},"line":79},"5":{"name":"(anonymous_5)","decl":{"start":{"line":82,"column":22},"end":{"line":82,"column":23}},"loc":{"start":{"line":82,"column":71},"end":{"line":84,"column":5}},"line":82},"6":{"name":"(anonymous_6)","decl":{"start":{"line":86,"column":17},"end":{"line":86,"column":18}},"loc":{"start":{"line":86,"column":30},"end":{"line":199,"column":3}},"line":86},"7":{"name":"(anonymous_7)","decl":{"start":{"line":89,"column":36},"end":{"line":89,"column":37}},"loc":{"start":{"line":89,"column":47},"end":{"line":92,"column":7}},"line":89},"8":{"name":"(anonymous_8)","decl":{"start":{"line":93,"column":38},"end":{"line":93,"column":39}},"loc":{"start":{"line":93,"column":57},"end":{"line":96,"column":7}},"line":93},"9":{"name":"(anonymous_9)","decl":{"start":{"line":97,"column":37},"end":{"line":97,"column":38}},"loc":{"start":{"line":97,"column":56},"end":{"line":100,"column":7}},"line":97},"10":{"name":"(anonymous_10)","decl":{"start":{"line":102,"column":33},"end":{"line":102,"column":34}},"loc":{"start":{"line":102,"column":44},"end":{"line":105,"column":7}},"line":102},"11":{"name":"(anonymous_11)","decl":{"start":{"line":106,"column":35},"end":{"line":106,"column":36}},"loc":{"start":{"line":106,"column":54},"end":{"line":111,"column":7}},"line":106},"12":{"name":"(anonymous_12)","decl":{"start":{"line":112,"column":34},"end":{"line":112,"column":35}},"loc":{"start":{"line":112,"column":53},"end":{"line":115,"column":7}},"line":112},"13":{"name":"(anonymous_13)","decl":{"start":{"line":117,"column":38},"end":{"line":117,"column":39}},"loc":{"start":{"line":117,"column":49},"end":{"line":120,"column":7}},"line":117},"14":{"name":"(anonymous_14)","decl":{"start":{"line":123,"column":8},"end":{"line":123,"column":9}},"loc":{"start":{"line":123,"column":52},"end":{"line":126,"column":9}},"line":123},"15":{"name":"(anonymous_15)","decl":{"start":{"line":128,"column":39},"end":{"line":128,"column":40}},"loc":{"start":{"line":128,"column":58},"end":{"line":132,"column":7}},"line":128},"16":{"name":"(anonymous_16)","decl":{"start":{"line":134,"column":41},"end":{"line":134,"column":42}},"loc":{"start":{"line":134,"column":52},"end":{"line":137,"column":7}},"line":134},"17":{"name":"(anonymous_17)","decl":{"start":{"line":140,"column":8},"end":{"line":140,"column":9}},"loc":{"start":{"line":140,"column":50},"end":{"line":143,"column":9}},"line":140},"18":{"name":"(anonymous_18)","decl":{"start":{"line":145,"column":42},"end":{"line":145,"column":43}},"loc":{"start":{"line":145,"column":61},"end":{"line":148,"column":7}},"line":145},"19":{"name":"(anonymous_19)","decl":{"start":{"line":151,"column":8},"end":{"line":151,"column":9}},"loc":{"start":{"line":151,"column":20},"end":{"line":151,"column":57}},"line":151},"20":{"name":"(anonymous_20)","decl":{"start":{"line":152,"column":8},"end":{"line":152,"column":9}},"loc":{"start":{"line":152,"column":32},"end":{"line":159,"column":9}},"line":152},"21":{"name":"(anonymous_21)","decl":{"start":{"line":162,"column":8},"end":{"line":162,"column":9}},"loc":{"start":{"line":162,"column":20},"end":{"line":162,"column":55}},"line":162},"22":{"name":"(anonymous_22)","decl":{"start":{"line":163,"column":8},"end":{"line":163,"column":9}},"loc":{"start":{"line":163,"column":32},"end":{"line":170,"column":9}},"line":163},"23":{"name":"(anonymous_23)","decl":{"start":{"line":173,"column":8},"end":{"line":173,"column":9}},"loc":{"start":{"line":173,"column":20},"end":{"line":173,"column":56}},"line":173},"24":{"name":"(anonymous_24)","decl":{"start":{"line":174,"column":8},"end":{"line":174,"column":9}},"loc":{"start":{"line":174,"column":32},"end":{"line":180,"column":9}},"line":174},"25":{"name":"(anonymous_25)","decl":{"start":{"line":183,"column":8},"end":{"line":183,"column":9}},"loc":{"start":{"line":183,"column":20},"end":{"line":183,"column":50}},"line":183},"26":{"name":"(anonymous_26)","decl":{"start":{"line":184,"column":8},"end":{"line":184,"column":9}},"loc":{"start":{"line":184,"column":32},"end":{"line":197,"column":9}},"line":184}},"branchMap":{"0":{"loc":{"start":{"line":99,"column":22},"end":{"line":99,"column":70}},"type":"binary-expr","locations":[{"start":{"line":99,"column":22},"end":{"line":99,"column":42}},{"start":{"line":99,"column":46},"end":{"line":99,"column":70}}],"line":99},"1":{"loc":{"start":{"line":114,"column":22},"end":{"line":114,"column":77}},"type":"binary-expr","locations":[{"start":{"line":114,"column":22},"end":{"line":114,"column":42}},{"start":{"line":114,"column":46},"end":{"line":114,"column":77}}],"line":114},"2":{"loc":{"start":{"line":131,"column":10},"end":{"line":131,"column":72}},"type":"binary-expr","locations":[{"start":{"line":131,"column":10},"end":{"line":131,"column":30}},{"start":{"line":131,"column":34},"end":{"line":131,"column":72}}],"line":131},"3":{"loc":{"start":{"line":147,"column":22},"end":{"line":147,"column":70}},"type":"binary-expr","locations":[{"start":{"line":147,"column":22},"end":{"line":147,"column":42}},{"start":{"line":147,"column":46},"end":{"line":147,"column":70}}],"line":147},"4":{"loc":{"start":{"line":153,"column":10},"end":{"line":157,"column":11}},"type":"if","locations":[{"start":{"line":153,"column":10},"end":{"line":157,"column":11}},{"start":{"line":155,"column":17},"end":{"line":157,"column":11}}],"line":153},"5":{"loc":{"start":{"line":155,"column":17},"end":{"line":157,"column":11}},"type":"if","locations":[{"start":{"line":155,"column":17},"end":{"line":157,"column":11}},{"start":{},"end":{}}],"line":155},"6":{"loc":{"start":{"line":164,"column":10},"end":{"line":168,"column":11}},"type":"if","locations":[{"start":{"line":164,"column":10},"end":{"line":168,"column":11}},{"start":{"line":166,"column":17},"end":{"line":168,"column":11}}],"line":164},"7":{"loc":{"start":{"line":166,"column":17},"end":{"line":168,"column":11}},"type":"if","locations":[{"start":{"line":166,"column":17},"end":{"line":168,"column":11}},{"start":{},"end":{}}],"line":166},"8":{"loc":{"start":{"line":175,"column":10},"end":{"line":179,"column":11}},"type":"if","locations":[{"start":{"line":175,"column":10},"end":{"line":179,"column":11}},{"start":{"line":177,"column":17},"end":{"line":179,"column":11}}],"line":175},"9":{"loc":{"start":{"line":177,"column":17},"end":{"line":179,"column":11}},"type":"if","locations":[{"start":{"line":177,"column":17},"end":{"line":179,"column":11}},{"start":{},"end":{}}],"line":177},"10":{"loc":{"start":{"line":187,"column":10},"end":{"line":196,"column":11}},"type":"if","locations":[{"start":{"line":187,"column":10},"end":{"line":196,"column":11}},{"start":{},"end":{}}],"line":187},"11":{"loc":{"start":{"line":187,"column":14},"end":{"line":187,"column":47}},"type":"binary-expr","locations":[{"start":{"line":187,"column":14},"end":{"line":187,"column":29}},{"start":{"line":187,"column":33},"end":{"line":187,"column":47}}],"line":187},"12":{"loc":{"start":{"line":188,"column":12},"end":{"line":195,"column":13}},"type":"if","locations":[{"start":{"line":188,"column":12},"end":{"line":195,"column":13}},{"start":{"line":193,"column":19},"end":{"line":195,"column":13}}],"line":188},"13":{"loc":{"start":{"line":190,"column":14},"end":{"line":190,"column":75}},"type":"if","locations":[{"start":{"line":190,"column":14},"end":{"line":190,"column":75}},{"start":{},"end":{}}],"line":190},"14":{"loc":{"start":{"line":191,"column":14},"end":{"line":192,"column":54}},"type":"if","locations":[{"start":{"line":191,"column":14},"end":{"line":192,"column":54}},{"start":{},"end":{}}],"line":191},"15":{"loc":{"start":{"line":193,"column":19},"end":{"line":195,"column":13}},"type":"if","locations":[{"start":{"line":193,"column":19},"end":{"line":195,"column":13}},{"start":{},"end":{}}],"line":193}},"s":{"0":2,"1":0,"2":0,"3":2,"4":0,"5":0,"6":2,"7":0,"8":0,"9":2,"10":0,"11":0,"12":2,"13":2,"14":1,"15":1,"16":2,"17":2,"18":2,"19":1,"20":1,"21":1,"22":1,"23":1,"24":1,"25":1,"26":1,"27":1,"28":1,"29":0,"30":0,"31":1,"32":1,"33":1,"34":1,"35":0,"36":0,"37":1,"38":1,"39":1,"40":1,"41":0,"42":0,"43":23,"44":3,"45":2,"46":1,"47":1,"48":3,"49":23,"50":1,"51":1,"52":0,"53":0,"54":1,"55":23,"56":1,"57":1,"58":0,"59":0,"60":23,"61":2,"62":2,"63":2,"64":1,"65":1,"66":1,"67":1,"68":1,"69":1,"70":1,"71":2},"f":{"0":0,"1":0,"2":0,"3":0,"4":1,"5":1,"6":2,"7":2,"8":1,"9":1,"10":1,"11":1,"12":0,"13":1,"14":1,"15":0,"16":1,"17":1,"18":0,"19":23,"20":3,"21":23,"22":1,"23":23,"24":1,"25":23,"26":2},"b":{"0":[1,0],"1":[0,0],"2":[0,0],"3":[0,0],"4":[2,1],"5":[1,0],"6":[1,0],"7":[0,0],"8":[1,0],"9":[0,0],"10":[2,0],"11":[2,2],"12":[1,1],"13":[1,0],"14":[1,0],"15":[1,0]},"_coverageSchema":"1a1c01bbd47fc00a2c39e90264f33305004495a9","hash":"e669d71c229edb4c62e728cd8398eb432587df40"}
,"C:\\Users\\Usr\\Desktop\\Stellar-Burger\\src\\services\\slices\\userSlice.ts": {"path":"C:\\Users\\Usr\\Desktop\\Stellar-Burger\\src\\services\\slices\\userSlice.ts","statementMap":{"0":{"start":{"line":14,"column":28},"end":{"line":22,"column":1}},"1":{"start":{"line":17,"column":17},"end":{"line":17,"column":48}},"2":{"start":{"line":18,"column":4},"end":{"line":18,"column":47}},"3":{"start":{"line":19,"column":4},"end":{"line":19,"column":60}},"4":{"start":{"line":20,"column":4},"end":{"line":20,"column":21}},"5":{"start":{"line":24,"column":25},"end":{"line":32,"column":1}},"6":{"start":{"line":27,"column":17},"end":{"line":27,"column":45}},"7":{"start":{"line":28,"column":4},"end":{"line":28,"column":47}},"8":{"start":{"line":29,"column":4},"end":{"line":29,"column":60}},"9":{"start":{"line":30,"column":4},"end":{"line":30,"column":21}},"10":{"start":{"line":34,"column":26},"end":{"line":38,"column":2}},"11":{"start":{"line":35,"column":2},"end":{"line":35,"column":20}},"12":{"start":{"line":36,"column":2},"end":{"line":36,"column":30}},"13":{"start":{"line":37,"column":2},"end":{"line":37,"column":42}},"14":{"start":{"line":40,"column":23},"end":{"line":50,"column":1}},"15":{"start":{"line":43,"column":4},"end":{"line":48,"column":5}},"16":{"start":{"line":44,"column":19},"end":{"line":44,"column":37}},"17":{"start":{"line":45,"column":6},"end":{"line":45,"column":23}},"18":{"start":{"line":47,"column":6},"end":{"line":47,"column":64}},"19":{"start":{"line":52,"column":26},"end":{"line":58,"column":1}},"20":{"start":{"line":55,"column":17},"end":{"line":55,"column":46}},"21":{"start":{"line":56,"column":4},"end":{"line":56,"column":21}},"22":{"start":{"line":68,"column":33},"end":{"line":74,"column":1}},"23":{"start":{"line":76,"column":18},"end":{"line":161,"column":2}},"24":{"start":{"line":81,"column":6},"end":{"line":81,"column":25}},"25":{"start":{"line":84,"column":6},"end":{"line":84,"column":33}},"26":{"start":{"line":88,"column":4},"end":{"line":159,"column":9}},"27":{"start":{"line":90,"column":8},"end":{"line":90,"column":29}},"28":{"start":{"line":91,"column":8},"end":{"line":91,"column":27}},"29":{"start":{"line":96,"column":10},"end":{"line":96,"column":32}},"30":{"start":{"line":97,"column":10},"end":{"line":97,"column":38}},"31":{"start":{"line":98,"column":10},"end":{"line":98,"column":39}},"32":{"start":{"line":99,"column":10},"end":{"line":99,"column":37}},"33":{"start":{"line":103,"column":8},"end":{"line":103,"column":30}},"34":{"start":{"line":104,"column":8},"end":{"line":104,"column":67}},"35":{"start":{"line":105,"column":8},"end":{"line":105,"column":35}},"36":{"start":{"line":109,"column":8},"end":{"line":109,"column":29}},"37":{"start":{"line":110,"column":8},"end":{"line":110,"column":27}},"38":{"start":{"line":113,"column":8},"end":{"line":113,"column":30}},"39":{"start":{"line":114,"column":8},"end":{"line":114,"column":36}},"40":{"start":{"line":115,"column":8},"end":{"line":115,"column":37}},"41":{"start":{"line":116,"column":8},"end":{"line":116,"column":35}},"42":{"start":{"line":119,"column":8},"end":{"line":119,"column":30}},"43":{"start":{"line":120,"column":8},"end":{"line":120,"column":61}},"44":{"start":{"line":121,"column":8},"end":{"line":121,"column":35}},"45":{"start":{"line":125,"column":8},"end":{"line":125,"column":26}},"46":{"start":{"line":126,"column":8},"end":{"line":126,"column":38}},"47":{"start":{"line":130,"column":8},"end":{"line":130,"column":29}},"48":{"start":{"line":133,"column":8},"end":{"line":133,"column":30}},"49":{"start":{"line":134,"column":8},"end":{"line":134,"column":36}},"50":{"start":{"line":135,"column":8},"end":{"line":135,"column":37}},"51":{"start":{"line":136,"column":8},"end":{"line":136,"column":35}},"52":{"start":{"line":139,"column":8},"end":{"line":139,"column":30}},"53":{"start":{"line":140,"column":8},"end":{"line":140,"column":38}},"54":{"start":{"line":141,"column":8},"end":{"line":141,"column":35}},"55":{"start":{"line":142,"column":8},"end":{"line":142,"column":26}},"56":{"start":{"line":144,"column":8},"end":{"line":144,"column":48}},"57":{"start":{"line":145,"column":8},"end":{"line":145,"column":36}},"58":{"start":{"line":149,"column":8},"end":{"line":149,"column":29}},"59":{"start":{"line":150,"column":8},"end":{"line":150,"column":27}},"60":{"start":{"line":153,"column":8},"end":{"line":153,"column":30}},"61":{"start":{"line":154,"column":8},"end":{"line":154,"column":36}},"62":{"start":{"line":157,"column":8},"end":{"line":157,"column":30}},"63":{"start":{"line":158,"column":8},"end":{"line":158,"column":73}},"64":{"start":{"line":163,"column":46},"end":{"line":163,"column":63}}},"fnMap":{"0":{"name":"(anonymous_0)","decl":{"start":{"line":16,"column":2},"end":{"line":16,"column":3}},"loc":{"start":{"line":16,"column":37},"end":{"line":21,"column":3}},"line":16},"1":{"name":"(anonymous_1)","decl":{"start":{"line":26,"column":2},"end":{"line":26,"column":3}},"loc":{"start":{"line":26,"column":34},"end":{"line":31,"column":3}},"line":26},"2":{"name":"(anonymous_2)","decl":{"start":{"line":34,"column":58},"end":{"line":34,"column":59}},"loc":{"start":{"line":34,"column":70},"end":{"line":38,"column":1}},"line":34},"3":{"name":"(anonymous_3)","decl":{"start":{"line":42,"column":2},"end":{"line":42,"column":3}},"loc":{"start":{"line":42,"column":36},"end":{"line":49,"column":3}},"line":42},"4":{"name":"(anonymous_4)","decl":{"start":{"line":54,"column":2},"end":{"line":54,"column":3}},"loc":{"start":{"line":54,"column":46},"end":{"line":57,"column":3}},"line":54},"5":{"name":"(anonymous_5)","decl":{"start":{"line":80,"column":16},"end":{"line":80,"column":17}},"loc":{"start":{"line":80,"column":27},"end":{"line":82,"column":5}},"line":80},"6":{"name":"(anonymous_6)","decl":{"start":{"line":83,"column":20},"end":{"line":83,"column":21}},"loc":{"start":{"line":83,"column":31},"end":{"line":85,"column":5}},"line":83},"7":{"name":"(anonymous_7)","decl":{"start":{"line":87,"column":17},"end":{"line":87,"column":18}},"loc":{"start":{"line":87,"column":30},"end":{"line":160,"column":3}},"line":87},"8":{"name":"(anonymous_8)","decl":{"start":{"line":89,"column":37},"end":{"line":89,"column":38}},"loc":{"start":{"line":89,"column":48},"end":{"line":92,"column":7}},"line":89},"9":{"name":"(anonymous_9)","decl":{"start":{"line":95,"column":8},"end":{"line":95,"column":9}},"loc":{"start":{"line":95,"column":49},"end":{"line":100,"column":9}},"line":95},"10":{"name":"(anonymous_10)","decl":{"start":{"line":102,"column":38},"end":{"line":102,"column":39}},"loc":{"start":{"line":102,"column":57},"end":{"line":106,"column":7}},"line":102},"11":{"name":"(anonymous_11)","decl":{"start":{"line":108,"column":34},"end":{"line":108,"column":35}},"loc":{"start":{"line":108,"column":45},"end":{"line":111,"column":7}},"line":108},"12":{"name":"(anonymous_12)","decl":{"start":{"line":112,"column":36},"end":{"line":112,"column":37}},"loc":{"start":{"line":112,"column":77},"end":{"line":117,"column":7}},"line":112},"13":{"name":"(anonymous_13)","decl":{"start":{"line":118,"column":35},"end":{"line":118,"column":36}},"loc":{"start":{"line":118,"column":54},"end":{"line":122,"column":7}},"line":118},"14":{"name":"(anonymous_14)","decl":{"start":{"line":124,"column":37},"end":{"line":124,"column":38}},"loc":{"start":{"line":124,"column":48},"end":{"line":127,"column":7}},"line":124},"15":{"name":"(anonymous_15)","decl":{"start":{"line":129,"column":32},"end":{"line":129,"column":33}},"loc":{"start":{"line":129,"column":43},"end":{"line":131,"column":7}},"line":129},"16":{"name":"(anonymous_16)","decl":{"start":{"line":132,"column":34},"end":{"line":132,"column":35}},"loc":{"start":{"line":132,"column":75},"end":{"line":137,"column":7}},"line":132},"17":{"name":"(anonymous_17)","decl":{"start":{"line":138,"column":33},"end":{"line":138,"column":34}},"loc":{"start":{"line":138,"column":44},"end":{"line":146,"column":7}},"line":138},"18":{"name":"(anonymous_18)","decl":{"start":{"line":148,"column":35},"end":{"line":148,"column":36}},"loc":{"start":{"line":148,"column":46},"end":{"line":151,"column":7}},"line":148},"19":{"name":"(anonymous_19)","decl":{"start":{"line":152,"column":37},"end":{"line":152,"column":38}},"loc":{"start":{"line":152,"column":78},"end":{"line":155,"column":7}},"line":152},"20":{"name":"(anonymous_20)","decl":{"start":{"line":156,"column":36},"end":{"line":156,"column":37}},"loc":{"start":{"line":156,"column":55},"end":{"line":159,"column":7}},"line":156}},"branchMap":{"0":{"loc":{"start":{"line":47,"column":29},"end":{"line":47,"column":62}},"type":"binary-expr","locations":[{"start":{"line":47,"column":29},"end":{"line":47,"column":42}},{"start":{"line":47,"column":46},"end":{"line":47,"column":62}}],"line":47},"1":{"loc":{"start":{"line":104,"column":22},"end":{"line":104,"column":66}},"type":"binary-expr","locations":[{"start":{"line":104,"column":22},"end":{"line":104,"column":42}},{"start":{"line":104,"column":46},"end":{"line":104,"column":66}}],"line":104},"2":{"loc":{"start":{"line":120,"column":22},"end":{"line":120,"column":60}},"type":"binary-expr","locations":[{"start":{"line":120,"column":22},"end":{"line":120,"column":42}},{"start":{"line":120,"column":46},"end":{"line":120,"column":60}}],"line":120},"3":{"loc":{"start":{"line":158,"column":22},"end":{"line":158,"column":72}},"type":"binary-expr","locations":[{"start":{"line":158,"column":22},"end":{"line":158,"column":42}},{"start":{"line":158,"column":46},"end":{"line":158,"column":72}}],"line":158}},"s":{"0":2,"1":0,"2":0,"3":0,"4":0,"5":2,"6":0,"7":0,"8":0,"9":0,"10":2,"11":0,"12":0,"13":0,"14":2,"15":0,"16":0,"17":0,"18":0,"19":2,"20":0,"21":0,"22":2,"23":2,"24":1,"25":1,"26":2,"27":2,"28":2,"29":1,"30":1,"31":1,"32":1,"33":1,"34":1,"35":1,"36":1,"37":1,"38":3,"39":3,"40":3,"41":3,"42":0,"43":0,"44":0,"45":1,"46":1,"47":1,"48":1,"49":1,"50":1,"51":1,"52":1,"53":1,"54":1,"55":1,"56":1,"57":1,"58":0,"59":0,"60":1,"61":1,"62":0,"63":0,"64":2},"f":{"0":0,"1":0,"2":0,"3":0,"4":0,"5":1,"6":1,"7":2,"8":2,"9":1,"10":1,"11":1,"12":3,"13":0,"14":1,"15":1,"16":1,"17":1,"18":0,"19":1,"20":0},"b":{"0":[0,0],"1":[1,0],"2":[0,0],"3":[0,0]},"_coverageSchema":"1a1c01bbd47fc00a2c39e90264f33305004495a9","hash":"e0439436f73acb6344c809a4a0d0a9d052955d6f"}
,"C:\\Users\\Usr\\Desktop\\Stellar-Burger\\src\\services\\websocket\\socketMiddleware.ts": {"path":"C:\\Users\\Usr\\Desktop\\Stellar-Burger\\src\\services\\websocket\\socketMiddleware.ts","statementMap":{"0":{"start":{"line":11,"column":35},"end":{"line":11,"column":56}},"1":{"start":{"line":12,"column":37},"end":{"line":12,"column":60}},"2":{"start":{"line":13,"column":35},"end":{"line":13,"column":56}},"3":{"start":{"line":14,"column":36},"end":{"line":14,"column":58}},"4":{"start":{"line":15,"column":30},"end":{"line":15,"column":46}},"5":{"start":{"line":16,"column":31},"end":{"line":16,"column":48}},"6":{"start":{"line":17,"column":35},"end":{"line":17,"column":56}},"7":{"start":{"line":19,"column":37},"end":{"line":22,"column":2}},"8":{"start":{"line":19,"column":55},"end":{"line":22,"column":1}},"9":{"start":{"line":24,"column":39},"end":{"line":27,"column":2}},"10":{"start":{"line":24,"column":46},"end":{"line":27,"column":1}},"11":{"start":{"line":29,"column":37},"end":{"line":32,"column":2}},"12":{"start":{"line":29,"column":57},"end":{"line":32,"column":1}},"13":{"start":{"line":34,"column":38},"end":{"line":37,"column":2}},"14":{"start":{"line":34,"column":45},"end":{"line":37,"column":1}},"15":{"start":{"line":39,"column":32},"end":{"line":42,"column":2}},"16":{"start":{"line":39,"column":57},"end":{"line":42,"column":1}},"17":{"start":{"line":44,"column":37},"end":{"line":47,"column":2}},"18":{"start":{"line":44,"column":44},"end":{"line":47,"column":1}},"19":{"start":{"line":49,"column":43},"end":{"line":52,"column":2}},"20":{"start":{"line":49,"column":61},"end":{"line":52,"column":1}},"21":{"start":{"line":54,"column":45},"end":{"line":57,"column":2}},"22":{"start":{"line":54,"column":52},"end":{"line":57,"column":1}},"23":{"start":{"line":59,"column":43},"end":{"line":62,"column":2}},"24":{"start":{"line":59,"column":63},"end":{"line":62,"column":1}},"25":{"start":{"line":64,"column":44},"end":{"line":67,"column":2}},"26":{"start":{"line":64,"column":51},"end":{"line":67,"column":1}},"27":{"start":{"line":69,"column":38},"end":{"line":72,"column":2}},"28":{"start":{"line":69,"column":63},"end":{"line":72,"column":1}},"29":{"start":{"line":74,"column":43},"end":{"line":77,"column":2}},"30":{"start":{"line":74,"column":50},"end":{"line":77,"column":1}},"31":{"start":{"line":99,"column":27},"end":{"line":102,"column":1}},"32":{"start":{"line":104,"column":32},"end":{"line":104,"column":33}},"33":{"start":{"line":105,"column":31},"end":{"line":105,"column":36}},"34":{"start":{"line":107,"column":32},"end":{"line":111,"column":1}},"35":{"start":{"line":108,"column":2},"end":{"line":110,"column":29}},"36":{"start":{"line":109,"column":4},"end":{"line":109,"column":74}},"37":{"start":{"line":113,"column":32},"end":{"line":216,"column":1}},"38":{"start":{"line":114,"column":37},"end":{"line":114,"column":39}},"39":{"start":{"line":115,"column":2},"end":{"line":215,"column":4}},"40":{"start":{"line":115,"column":20},"end":{"line":215,"column":3}},"41":{"start":{"line":115,"column":30},"end":{"line":215,"column":3}},"42":{"start":{"line":116,"column":25},"end":{"line":116,"column":30}},"43":{"start":{"line":117,"column":30},"end":{"line":117,"column":36}},"44":{"start":{"line":119,"column":4},"end":{"line":204,"column":5}},"45":{"start":{"line":120,"column":30},"end":{"line":120,"column":37}},"46":{"start":{"line":123,"column":6},"end":{"line":128,"column":7}},"47":{"start":{"line":124,"column":8},"end":{"line":126,"column":10}},"48":{"start":{"line":127,"column":8},"end":{"line":127,"column":28}},"49":{"start":{"line":130,"column":6},"end":{"line":140,"column":7}},"50":{"start":{"line":134,"column":8},"end":{"line":136,"column":10}},"51":{"start":{"line":138,"column":8},"end":{"line":138,"column":40}},"52":{"start":{"line":139,"column":8},"end":{"line":139,"column":28}},"53":{"start":{"line":142,"column":6},"end":{"line":155,"column":7}},"54":{"start":{"line":143,"column":25},"end":{"line":143,"column":68}},"55":{"start":{"line":144,"column":23},"end":{"line":144,"column":43}},"56":{"start":{"line":147,"column":8},"end":{"line":150,"column":9}},"57":{"start":{"line":148,"column":10},"end":{"line":148,"column":79}},"58":{"start":{"line":149,"column":10},"end":{"line":149,"column":30}},"59":{"start":{"line":153,"column":8},"end":{"line":153,"column":30}},"60":{"start":{"line":154,"column":8},"end":{"line":154,"column":58}},"61":{"start":{"line":157,"column":6},"end":{"line":157,"column":74}},"62":{"start":{"line":159,"column":24},"end":{"line":167,"column":7}},"63":{"start":{"line":160,"column":8},"end":{"line":160,"column":78}},"64":{"start":{"line":162,"column":8},"end":{"line":166,"column":9}},"65":{"start":{"line":163,"column":10},"end":{"line":163,"column":43}},"66":{"start":{"line":164,"column":15},"end":{"line":166,"column":9}},"67":{"start":{"line":165,"column":10},"end":{"line":165,"column":49}},"68":{"start":{"line":169,"column":29},"end":{"line":186,"column":7}},"69":{"start":{"line":170,"column":8},"end":{"line":185,"column":9}},"70":{"start":{"line":171,"column":10},"end":{"line":171,"column":80}},"71":{"start":{"line":173,"column":10},"end":{"line":177,"column":11}},"72":{"start":{"line":174,"column":12},"end":{"line":174,"column":48}},"73":{"start":{"line":175,"column":17},"end":{"line":177,"column":11}},"74":{"start":{"line":176,"column":12},"end":{"line":176,"column":54}},"75":{"start":{"line":178,"column":15},"end":{"line":185,"column":9}},"76":{"start":{"line":179,"column":10},"end":{"line":183,"column":11}},"77":{"start":{"line":180,"column":12},"end":{"line":180,"column":47}},"78":{"start":{"line":181,"column":17},"end":{"line":183,"column":11}},"79":{"start":{"line":182,"column":12},"end":{"line":182,"column":53}},"80":{"start":{"line":184,"column":15},"end":{"line":185,"column":9}},"81":{"start":{"line":188,"column":2},"end":{"line":202,"column":7}},"82":{"start":{"line":189,"column":26},"end":{"line":189,"column":78}},"83":{"start":{"line":190,"column":8},"end":{"line":190,"column":63}},"84":{"start":{"line":191,"column":8},"end":{"line":191,"column":28}},"85":{"start":{"line":193,"column":8},"end":{"line":201,"column":9}},"86":{"start":{"line":194,"column":10},"end":{"line":196,"column":12}},"87":{"start":{"line":197,"column":15},"end":{"line":201,"column":9}},"88":{"start":{"line":198,"column":10},"end":{"line":200,"column":12}},"89":{"start":{"line":203,"column":6},"end":{"line":203,"column":26}},"90":{"start":{"line":205,"column":4},"end":{"line":212,"column":5}},"91":{"start":{"line":206,"column":25},"end":{"line":206,"column":32}},"92":{"start":{"line":207,"column":25},"end":{"line":207,"column":67}},"93":{"start":{"line":208,"column":6},"end":{"line":211,"column":7}},"94":{"start":{"line":209,"column":8},"end":{"line":209,"column":32}},"95":{"start":{"line":210,"column":8},"end":{"line":210,"column":58}},"96":{"start":{"line":214,"column":4},"end":{"line":214,"column":17}},"97":{"start":{"line":218,"column":35},"end":{"line":221,"column":1}},"98":{"start":{"line":219,"column":14},"end":{"line":219,"column":34}},"99":{"start":{"line":220,"column":2},"end":{"line":220,"column":36}},"100":{"start":{"line":223,"column":41},"end":{"line":226,"column":1}},"101":{"start":{"line":224,"column":14},"end":{"line":224,"column":42}},"102":{"start":{"line":225,"column":2},"end":{"line":225,"column":42}},"103":{"start":{"line":228,"column":35},"end":{"line":228,"column":64}},"104":{"start":{"line":228,"column":41},"end":{"line":228,"column":64}},"105":{"start":{"line":229,"column":41},"end":{"line":229,"column":76}},"106":{"start":{"line":229,"column":47},"end":{"line":229,"column":76}}},"fnMap":{"0":{"name":"(anonymous_0)","decl":{"start":{"line":19,"column":37},"end":{"line":19,"column":38}},"loc":{"start":{"line":19,"column":55},"end":{"line":22,"column":1}},"line":19},"1":{"name":"(anonymous_1)","decl":{"start":{"line":24,"column":39},"end":{"line":24,"column":40}},"loc":{"start":{"line":24,"column":46},"end":{"line":27,"column":1}},"line":24},"2":{"name":"(anonymous_2)","decl":{"start":{"line":29,"column":37},"end":{"line":29,"column":38}},"loc":{"start":{"line":29,"column":57},"end":{"line":32,"column":1}},"line":29},"3":{"name":"(anonymous_3)","decl":{"start":{"line":34,"column":38},"end":{"line":34,"column":39}},"loc":{"start":{"line":34,"column":45},"end":{"line":37,"column":1}},"line":34},"4":{"name":"(anonymous_4)","decl":{"start":{"line":39,"column":32},"end":{"line":39,"column":33}},"loc":{"start":{"line":39,"column":57},"end":{"line":42,"column":1}},"line":39},"5":{"name":"(anonymous_5)","decl":{"start":{"line":44,"column":37},"end":{"line":44,"column":38}},"loc":{"start":{"line":44,"column":44},"end":{"line":47,"column":1}},"line":44},"6":{"name":"(anonymous_6)","decl":{"start":{"line":49,"column":43},"end":{"line":49,"column":44}},"loc":{"start":{"line":49,"column":61},"end":{"line":52,"column":1}},"line":49},"7":{"name":"(anonymous_7)","decl":{"start":{"line":54,"column":45},"end":{"line":54,"column":46}},"loc":{"start":{"line":54,"column":52},"end":{"line":57,"column":1}},"line":54},"8":{"name":"(anonymous_8)","decl":{"start":{"line":59,"column":43},"end":{"line":59,"column":44}},"loc":{"start":{"line":59,"column":63},"end":{"line":62,"column":1}},"line":59},"9":{"name":"(anonymous_9)","decl":{"start":{"line":64,"column":44},"end":{"line":64,"column":45}},"loc":{"start":{"line":64,"column":51},"end":{"line":67,"column":1}},"line":64},"10":{"name":"(anonymous_10)","decl":{"start":{"line":69,"column":38},"end":{"line":69,"column":39}},"loc":{"start":{"line":69,"column":63},"end":{"line":72,"column":1}},"line":69},"11":{"name":"(anonymous_11)","decl":{"start":{"line":74,"column":43},"end":{"line":74,"column":44}},"loc":{"start":{"line":74,"column":50},"end":{"line":77,"column":1}},"line":74},"12":{"name":"(anonymous_12)","decl":{"start":{"line":107,"column":32},"end":{"line":107,"column":33}},"loc":{"start":{"line":107,"column":52},"end":{"line":111,"column":1}},"line":107},"13":{"name":"(anonymous_13)","decl":{"start":{"line":108,"column":13},"end":{"line":108,"column":14}},"loc":{"start":{"line":108,"column":19},"end":{"line":110,"column":3}},"line":108},"14":{"name":"(anonymous_14)","decl":{"start":{"line":113,"column":32},"end":{"line":113,"column":33}},"loc":{"start":{"line":113,"column":50},"end":{"line":216,"column":1}},"line":113},"15":{"name":"(anonymous_15)","decl":{"start":{"line":115,"column":9},"end":{"line":115,"column":10}},"loc":{"start":{"line":115,"column":20},"end":{"line":215,"column":3}},"line":115},"16":{"name":"(anonymous_16)","decl":{"start":{"line":115,"column":20},"end":{"line":115,"column":21}},"loc":{"start":{"line":115,"column":30},"end":{"line":215,"column":3}},"line":115},"17":{"name":"(anonymous_17)","decl":{"start":{"line":115,"column":30},"end":{"line":115,"column":31}},"loc":{"start":{"line":115,"column":47},"end":{"line":215,"column":3}},"line":115},"18":{"name":"(anonymous_18)","decl":{"start":{"line":159,"column":24},"end":{"line":159,"column":25}},"loc":{"start":{"line":159,"column":45},"end":{"line":167,"column":7}},"line":159},"19":{"name":"(anonymous_19)","decl":{"start":{"line":169,"column":29},"end":{"line":169,"column":30}},"loc":{"start":{"line":169,"column":51},"end":{"line":186,"column":7}},"line":169},"20":{"name":"(anonymous_20)","decl":{"start":{"line":218,"column":35},"end":{"line":218,"column":36}},"loc":{"start":{"line":218,"column":41},"end":{"line":221,"column":1}},"line":218},"21":{"name":"(anonymous_21)","decl":{"start":{"line":223,"column":41},"end":{"line":223,"column":42}},"loc":{"start":{"line":223,"column":47},"end":{"line":226,"column":1}},"line":223},"22":{"name":"(anonymous_22)","decl":{"start":{"line":228,"column":35},"end":{"line":228,"column":36}},"loc":{"start":{"line":228,"column":41},"end":{"line":228,"column":64}},"line":228},"23":{"name":"(anonymous_23)","decl":{"start":{"line":229,"column":41},"end":{"line":229,"column":42}},"loc":{"start":{"line":229,"column":47},"end":{"line":229,"column":76}},"line":229}},"branchMap":{"0":{"loc":{"start":{"line":119,"column":4},"end":{"line":204,"column":5}},"type":"if","locations":[{"start":{"line":119,"column":4},"end":{"line":204,"column":5}},{"start":{},"end":{}}],"line":119},"1":{"loc":{"start":{"line":123,"column":6},"end":{"line":128,"column":7}},"type":"if","locations":[{"start":{"line":123,"column":6},"end":{"line":128,"column":7}},{"start":{},"end":{}}],"line":123},"2":{"loc":{"start":{"line":130,"column":6},"end":{"line":140,"column":7}},"type":"if","locations":[{"start":{"line":130,"column":6},"end":{"line":140,"column":7}},{"start":{},"end":{}}],"line":130},"3":{"loc":{"start":{"line":142,"column":6},"end":{"line":155,"column":7}},"type":"if","locations":[{"start":{"line":142,"column":6},"end":{"line":155,"column":7}},{"start":{},"end":{}}],"line":142},"4":{"loc":{"start":{"line":147,"column":8},"end":{"line":150,"column":9}},"type":"if","locations":[{"start":{"line":147,"column":8},"end":{"line":150,"column":9}},{"start":{},"end":{}}],"line":147},"5":{"loc":{"start":{"line":147,"column":12},"end":{"line":147,"column":58}},"type":"binary-expr","locations":[{"start":{"line":147,"column":12},"end":{"line":147,"column":35}},{"start":{"line":147,"column":39},"end":{"line":147,"column":58}}],"line":147},"6":{"loc":{"start":{"line":162,"column":8},"end":{"line":166,"column":9}},"type":"if","locations":[{"start":{"line":162,"column":8},"end":{"line":166,"column":9}},{"start":{"line":164,"column":15},"end":{"line":166,"column":9}}],"line":162},"7":{"loc":{"start":{"line":164,"column":15},"end":{"line":166,"column":9}},"type":"if","locations":[{"start":{"line":164,"column":15},"end":{"line":166,"column":9}},{"start":{},"end":{}}],"line":164},"8":{"loc":{"start":{"line":170,"column":8},"end":{"line":185,"column":9}},"type":"if","locations":[{"start":{"line":170,"column":8},"end":{"line":185,"column":9}},{"start":{"line":178,"column":15},"end":{"line":185,"column":9}}],"line":170},"9":{"loc":{"start":{"line":173,"column":10},"end":{"line":177,"column":11}},"type":"if","locations":[{"start":{"line":173,"column":10},"end":{"line":177,"column":11}},{"start":{"line":175,"column":17},"end":{"line":177,"column":11}}],"line":173},"10":{"loc":{"start":{"line":175,"column":17},"end":{"line":177,"column":11}},"type":"if","locations":[{"start":{"line":175,"column":17},"end":{"line":177,"column":11}},{"start":{},"end":{}}],"line":175},"11":{"loc":{"start":{"line":178,"column":15},"end":{"line":185,"column":9}},"type":"if","locations":[{"start":{"line":178,"column":15},"end":{"line":185,"column":9}},{"start":{"line":184,"column":15},"end":{"line":185,"column":9}}],"line":178},"12":{"loc":{"start":{"line":179,"column":10},"end":{"line":183,"column":11}},"type":"if","locations":[{"start":{"line":179,"column":10},"end":{"line":183,"column":11}},{"start":{"line":181,"column":17},"end":{"line":183,"column":11}}],"line":179},"13":{"loc":{"start":{"line":181,"column":17},"end":{"line":183,"column":11}},"type":"if","locations":[{"start":{"line":181,"column":17},"end":{"line":183,"column":11}},{"start":{},"end":{}}],"line":181},"14":{"loc":{"start":{"line":184,"column":15},"end":{"line":185,"column":9}},"type":"if","locations":[{"start":{"line":184,"column":15},"end":{"line":185,"column":9}},{"start":{},"end":{}}],"line":184},"15":{"loc":{"start":{"line":193,"column":8},"end":{"line":201,"column":9}},"type":"if","locations":[{"start":{"line":193,"column":8},"end":{"line":201,"column":9}},{"start":{"line":197,"column":15},"end":{"line":201,"column":9}}],"line":193},"16":{"loc":{"start":{"line":197,"column":15},"end":{"line":201,"column":9}},"type":"if","locations":[{"start":{"line":197,"column":15},"end":{"line":201,"column":9}},{"start":{},"end":{}}],"line":197},"17":{"loc":{"start":{"line":205,"column":4},"end":{"line":212,"column":5}},"type":"if","locations":[{"start":{"line":205,"column":4},"end":{"line":212,"column":5}},{"start":{},"end":{}}],"line":205},"18":{"loc":{"start":{"line":208,"column":6},"end":{"line":211,"column":7}},"type":"if","locations":[{"start":{"line":208,"column":6},"end":{"line":211,"column":7}},{"start":{},"end":{}}],"line":208}},"s":{"0":2,"1":2,"2":2,"3":2,"4":2,"5":2,"6":2,"7":2,"8":0,"9":2,"10":0,"11":2,"12":0,"13":2,"14":0,"15":2,"16":0,"17":2,"18":0,"19":2,"20":0,"21":2,"22":0,"23":2,"24":0,"25":2,"26":0,"27":2,"28":0,"29":2,"30":0,"31":2,"32":2,"33":2,"34":2,"35":0,"36":0,"37":2,"38":0,"39":0,"40":0,"41":0,"42":0,"43":0,"44":0,"45":0,"46":0,"47":0,"48":0,"49":0,"50":0,"51":0,"52":0,"53":0,"54":0,"55":0,"56":0,"57":0,"58":0,"59":0,"60":0,"61":0,"62":0,"63":0,"64":0,"65":0,"66":0,"67":0,"68":0,"69":0,"70":0,"71":0,"72":0,"73":0,"74":0,"75":0,"76":0,"77":0,"78":0,"79":0,"80":0,"81":0,"82":0,"83":0,"84":0,"85":0,"86":0,"87":0,"88":0,"89":0,"90":0,"91":0,"92":0,"93":0,"94":0,"95":0,"96":0,"97":2,"98":0,"99":0,"100":2,"101":0,"102":0,"103":2,"104":0,"105":2,"106":0},"f":{"0":0,"1":0,"2":0,"3":0,"4":0,"5":0,"6":0,"7":0,"8":0,"9":0,"10":0,"11":0,"12":0,"13":0,"14":0,"15":0,"16":0,"17":0,"18":0,"19":0,"20":0,"21":0,"22":0,"23":0},"b":{"0":[0,0],"1":[0,0],"2":[0,0],"3":[0,0],"4":[0,0],"5":[0,0],"6":[0,0],"7":[0,0],"8":[0,0],"9":[0,0],"10":[0,0],"11":[0,0],"12":[0,0],"13":[0,0],"14":[0,0],"15":[0,0],"16":[0,0],"17":[0,0],"18":[0,0]},"_coverageSchema":"1a1c01bbd47fc00a2c39e90264f33305004495a9","hash":"d0a8efa973c5ecd4a77d0b1ea4038a82fa87802b"}
,"C:\\Users\\Usr\\Desktop\\Stellar-Burger\\src\\utils\\burger-api.ts": {"path":"C:\\Users\\Usr\\Desktop\\Stellar-Burger\\src\\utils\\burger-api.ts","statementMap":{"0":{"start":{"line":5,"column":2},"end":{"line":5,"column":71}},"1":{"start":{"line":7,"column":22},"end":{"line":11,"column":1}},"2":{"start":{"line":8,"column":15},"end":{"line":8,"column":31}},"3":{"start":{"line":9,"column":2},"end":{"line":9,"column":31}},"4":{"start":{"line":9,"column":14},"end":{"line":9,"column":31}},"5":{"start":{"line":10,"column":2},"end":{"line":10,"column":69}},"6":{"start":{"line":22,"column":28},"end":{"line":40,"column":6}},"7":{"start":{"line":23,"column":2},"end":{"line":40,"column":6}},"8":{"start":{"line":32,"column":19},"end":{"line":32,"column":55}},"9":{"start":{"line":34,"column":6},"end":{"line":36,"column":7}},"10":{"start":{"line":35,"column":8},"end":{"line":35,"column":43}},"11":{"start":{"line":37,"column":6},"end":{"line":37,"column":69}},"12":{"start":{"line":38,"column":6},"end":{"line":38,"column":56}},"13":{"start":{"line":39,"column":6},"end":{"line":39,"column":25}},"14":{"start":{"line":42,"column":32},"end":{"line":72,"column":1}},"15":{"start":{"line":46,"column":2},"end":{"line":71,"column":3}},"16":{"start":{"line":47,"column":16},"end":{"line":47,"column":41}},"17":{"start":{"line":48,"column":4},"end":{"line":48,"column":39}},"18":{"start":{"line":50,"column":14},"end":{"line":50,"column":58}},"19":{"start":{"line":52,"column":6},"end":{"line":52,"column":76}},"20":{"start":{"line":54,"column":4},"end":{"line":68,"column":5}},"21":{"start":{"line":55,"column":6},"end":{"line":67,"column":7}},"22":{"start":{"line":56,"column":28},"end":{"line":56,"column":48}},"23":{"start":{"line":57,"column":8},"end":{"line":57,"column":51}},"24":{"start":{"line":57,"column":30},"end":{"line":57,"column":51}},"25":{"start":{"line":58,"column":8},"end":{"line":59,"column":49}},"26":{"start":{"line":60,"column":20},"end":{"line":60,"column":45}},"27":{"start":{"line":61,"column":8},"end":{"line":61,"column":43}},"28":{"start":{"line":64,"column":8},"end":{"line":64,"column":48}},"29":{"start":{"line":65,"column":8},"end":{"line":65,"column":36}},"30":{"start":{"line":66,"column":8},"end":{"line":66,"column":42}},"31":{"start":{"line":70,"column":4},"end":{"line":70,"column":31}},"32":{"start":{"line":74,"column":21},"end":{"line":75,"column":79}},"33":{"start":{"line":75,"column":2},"end":{"line":75,"column":79}},"34":{"start":{"line":91,"column":33},"end":{"line":97,"column":6}},"35":{"start":{"line":92,"column":2},"end":{"line":97,"column":6}},"36":{"start":{"line":93,"column":19},"end":{"line":93,"column":59}},"37":{"start":{"line":95,"column":6},"end":{"line":95,"column":42}},"38":{"start":{"line":95,"column":25},"end":{"line":95,"column":42}},"39":{"start":{"line":96,"column":6},"end":{"line":96,"column":34}},"40":{"start":{"line":99,"column":27},"end":{"line":105,"column":6}},"41":{"start":{"line":100,"column":2},"end":{"line":105,"column":6}},"42":{"start":{"line":101,"column":19},"end":{"line":101,"column":53}},"43":{"start":{"line":103,"column":6},"end":{"line":103,"column":37}},"44":{"start":{"line":103,"column":25},"end":{"line":103,"column":37}},"45":{"start":{"line":104,"column":6},"end":{"line":104,"column":34}},"46":{"start":{"line":107,"column":28},"end":{"line":125,"column":1}},"47":{"start":{"line":108,"column":14},"end":{"line":108,"column":38}},"48":{"start":{"line":109,"column":22},"end":{"line":109,"column":39}},"49":{"start":{"line":111,"column":2},"end":{"line":113,"column":3}},"50":{"start":{"line":112,"column":4},"end":{"line":112,"column":72}},"51":{"start":{"line":115,"column":2},"end":{"line":124,"column":5}},"52":{"start":{"line":122,"column":4},"end":{"line":122,"column":42}},"53":{"start":{"line":122,"column":23},"end":{"line":122,"column":42}},"54":{"start":{"line":123,"column":4},"end":{"line":123,"column":32}},"55":{"start":{"line":132,"column":30},"end":{"line":145,"column":4}},"56":{"start":{"line":133,"column":2},"end":{"line":145,"column":4}},"57":{"start":{"line":143,"column":4},"end":{"line":143,"column":35}},"58":{"start":{"line":143,"column":23},"end":{"line":143,"column":35}},"59":{"start":{"line":144,"column":4},"end":{"line":144,"column":32}},"60":{"start":{"line":151,"column":35},"end":{"line":157,"column":54}},"61":{"start":{"line":152,"column":2},"end":{"line":157,"column":54}},"62":{"start":{"line":157,"column":19},"end":{"line":157,"column":53}},"63":{"start":{"line":171,"column":31},"end":{"line":183,"column":6}},"64":{"start":{"line":172,"column":2},"end":{"line":183,"column":6}},"65":{"start":{"line":179,"column":19},"end":{"line":179,"column":52}},"66":{"start":{"line":181,"column":6},"end":{"line":181,"column":37}},"67":{"start":{"line":181,"column":25},"end":{"line":181,"column":37}},"68":{"start":{"line":182,"column":6},"end":{"line":182,"column":34}},"69":{"start":{"line":190,"column":28},"end":{"line":202,"column":6}},"70":{"start":{"line":191,"column":2},"end":{"line":202,"column":6}},"71":{"start":{"line":198,"column":19},"end":{"line":198,"column":52}},"72":{"start":{"line":200,"column":6},"end":{"line":200,"column":37}},"73":{"start":{"line":200,"column":25},"end":{"line":200,"column":37}},"74":{"start":{"line":201,"column":6},"end":{"line":201,"column":34}},"75":{"start":{"line":204,"column":33},"end":{"line":216,"column":6}},"76":{"start":{"line":205,"column":2},"end":{"line":216,"column":6}},"77":{"start":{"line":212,"column":19},"end":{"line":212,"column":58}},"78":{"start":{"line":214,"column":6},"end":{"line":214,"column":37}},"79":{"start":{"line":214,"column":25},"end":{"line":214,"column":37}},"80":{"start":{"line":215,"column":6},"end":{"line":215,"column":34}},"81":{"start":{"line":218,"column":32},"end":{"line":230,"column":6}},"82":{"start":{"line":219,"column":2},"end":{"line":230,"column":6}},"83":{"start":{"line":226,"column":19},"end":{"line":226,"column":58}},"84":{"start":{"line":228,"column":6},"end":{"line":228,"column":37}},"85":{"start":{"line":228,"column":25},"end":{"line":228,"column":37}},"86":{"start":{"line":229,"column":6},"end":{"line":229,"column":34}},"87":{"start":{"line":234,"column":26},"end":{"line":266,"column":1}},"88":{"start":{"line":236,"column":20},"end":{"line":236,"column":58}},"89":{"start":{"line":238,"column":2},"end":{"line":248,"column":3}},"90":{"start":{"line":239,"column":4},"end":{"line":247,"column":5}},"91":{"start":{"line":240,"column":26},"end":{"line":240,"column":46}},"92":{"start":{"line":241,"column":6},"end":{"line":241,"column":58}},"93":{"start":{"line":244,"column":6},"end":{"line":244,"column":46}},"94":{"start":{"line":245,"column":6},"end":{"line":245,"column":34}},"95":{"start":{"line":246,"column":6},"end":{"line":246,"column":31}},"96":{"start":{"line":250,"column":2},"end":{"line":252,"column":3}},"97":{"start":{"line":251,"column":4},"end":{"line":251,"column":72}},"98":{"start":{"line":254,"column":2},"end":{"line":265,"column":5}},"99":{"start":{"line":260,"column":4},"end":{"line":263,"column":5}},"100":{"start":{"line":261,"column":6},"end":{"line":261,"column":46}},"101":{"start":{"line":262,"column":6},"end":{"line":262,"column":34}},"102":{"start":{"line":264,"column":4},"end":{"line":264,"column":33}},"103":{"start":{"line":268,"column":29},"end":{"line":276,"column":4}},"104":{"start":{"line":269,"column":2},"end":{"line":276,"column":4}},"105":{"start":{"line":278,"column":25},"end":{"line":287,"column":59}},"106":{"start":{"line":279,"column":2},"end":{"line":287,"column":59}},"107":{"start":{"line":287,"column":19},"end":{"line":287,"column":58}}},"fnMap":{"0":{"name":"(anonymous_0)","decl":{"start":{"line":7,"column":22},"end":{"line":7,"column":23}},"loc":{"start":{"line":7,"column":62},"end":{"line":11,"column":1}},"line":7},"1":{"name":"(anonymous_1)","decl":{"start":{"line":22,"column":28},"end":{"line":22,"column":29}},"loc":{"start":{"line":23,"column":2},"end":{"line":40,"column":6}},"line":23},"2":{"name":"(anonymous_2)","decl":{"start":{"line":32,"column":10},"end":{"line":32,"column":11}},"loc":{"start":{"line":32,"column":19},"end":{"line":32,"column":55}},"line":32},"3":{"name":"(anonymous_3)","decl":{"start":{"line":33,"column":10},"end":{"line":33,"column":11}},"loc":{"start":{"line":33,"column":27},"end":{"line":40,"column":5}},"line":33},"4":{"name":"(anonymous_4)","decl":{"start":{"line":42,"column":32},"end":{"line":42,"column":33}},"loc":{"start":{"line":45,"column":5},"end":{"line":72,"column":1}},"line":45},"5":{"name":"(anonymous_5)","decl":{"start":{"line":74,"column":21},"end":{"line":74,"column":22}},"loc":{"start":{"line":75,"column":2},"end":{"line":75,"column":79}},"line":75},"6":{"name":"(anonymous_6)","decl":{"start":{"line":91,"column":33},"end":{"line":91,"column":34}},"loc":{"start":{"line":92,"column":2},"end":{"line":97,"column":6}},"line":92},"7":{"name":"(anonymous_7)","decl":{"start":{"line":93,"column":10},"end":{"line":93,"column":11}},"loc":{"start":{"line":93,"column":19},"end":{"line":93,"column":59}},"line":93},"8":{"name":"(anonymous_8)","decl":{"start":{"line":94,"column":10},"end":{"line":94,"column":11}},"loc":{"start":{"line":94,"column":20},"end":{"line":97,"column":5}},"line":94},"9":{"name":"(anonymous_9)","decl":{"start":{"line":99,"column":27},"end":{"line":99,"column":28}},"loc":{"start":{"line":100,"column":2},"end":{"line":105,"column":6}},"line":100},"10":{"name":"(anonymous_10)","decl":{"start":{"line":101,"column":10},"end":{"line":101,"column":11}},"loc":{"start":{"line":101,"column":19},"end":{"line":101,"column":53}},"line":101},"11":{"name":"(anonymous_11)","decl":{"start":{"line":102,"column":10},"end":{"line":102,"column":11}},"loc":{"start":{"line":102,"column":20},"end":{"line":105,"column":5}},"line":102},"12":{"name":"(anonymous_12)","decl":{"start":{"line":107,"column":28},"end":{"line":107,"column":29}},"loc":{"start":{"line":107,"column":34},"end":{"line":125,"column":1}},"line":107},"13":{"name":"(anonymous_13)","decl":{"start":{"line":121,"column":10},"end":{"line":121,"column":11}},"loc":{"start":{"line":121,"column":20},"end":{"line":124,"column":3}},"line":121},"14":{"name":"(anonymous_14)","decl":{"start":{"line":132,"column":30},"end":{"line":132,"column":31}},"loc":{"start":{"line":133,"column":2},"end":{"line":145,"column":4}},"line":133},"15":{"name":"(anonymous_15)","decl":{"start":{"line":142,"column":10},"end":{"line":142,"column":11}},"loc":{"start":{"line":142,"column":20},"end":{"line":145,"column":3}},"line":142},"16":{"name":"(anonymous_16)","decl":{"start":{"line":151,"column":35},"end":{"line":151,"column":36}},"loc":{"start":{"line":152,"column":2},"end":{"line":157,"column":54}},"line":152},"17":{"name":"(anonymous_17)","decl":{"start":{"line":157,"column":10},"end":{"line":157,"column":11}},"loc":{"start":{"line":157,"column":19},"end":{"line":157,"column":53}},"line":157},"18":{"name":"(anonymous_18)","decl":{"start":{"line":171,"column":31},"end":{"line":171,"column":32}},"loc":{"start":{"line":172,"column":2},"end":{"line":183,"column":6}},"line":172},"19":{"name":"(anonymous_19)","decl":{"start":{"line":179,"column":10},"end":{"line":179,"column":11}},"loc":{"start":{"line":179,"column":19},"end":{"line":179,"column":52}},"line":179},"20":{"name":"(anonymous_20)","decl":{"start":{"line":180,"column":10},"end":{"line":180,"column":11}},"loc":{"start":{"line":180,"column":20},"end":{"line":183,"column":5}},"line":180},"21":{"name":"(anonymous_21)","decl":{"start":{"line":190,"column":28},"end":{"line":190,"column":29}},"loc":{"start":{"line":191,"column":2},"end":{"line":202,"column":6}},"line":191},"22":{"name":"(anonymous_22)","decl":{"start":{"line":198,"column":10},"end":{"line":198,"column":11}},"loc":{"start":{"line":198,"column":19},"end":{"line":198,"column":52}},"line":198},"23":{"name":"(anonymous_23)","decl":{"start":{"line":199,"column":10},"end":{"line":199,"column":11}},"loc":{"start":{"line":199,"column":20},"end":{"line":202,"column":5}},"line":199},"24":{"name":"(anonymous_24)","decl":{"start":{"line":204,"column":33},"end":{"line":204,"column":34}},"loc":{"start":{"line":205,"column":2},"end":{"line":216,"column":6}},"line":205},"25":{"name":"(anonymous_25)","decl":{"start":{"line":212,"column":10},"end":{"line":212,"column":11}},"loc":{"start":{"line":212,"column":19},"end":{"line":212,"column":58}},"line":212},"26":{"name":"(anonymous_26)","decl":{"start":{"line":213,"column":10},"end":{"line":213,"column":11}},"loc":{"start":{"line":213,"column":20},"end":{"line":216,"column":5}},"line":213},"27":{"name":"(anonymous_27)","decl":{"start":{"line":218,"column":32},"end":{"line":218,"column":33}},"loc":{"start":{"line":219,"column":2},"end":{"line":230,"column":6}},"line":219},"28":{"name":"(anonymous_28)","decl":{"start":{"line":226,"column":10},"end":{"line":226,"column":11}},"loc":{"start":{"line":226,"column":19},"end":{"line":226,"column":58}},"line":226},"29":{"name":"(anonymous_29)","decl":{"start":{"line":227,"column":10},"end":{"line":227,"column":11}},"loc":{"start":{"line":227,"column":20},"end":{"line":230,"column":5}},"line":227},"30":{"name":"(anonymous_30)","decl":{"start":{"line":234,"column":26},"end":{"line":234,"column":27}},"loc":{"start":{"line":234,"column":38},"end":{"line":266,"column":1}},"line":234},"31":{"name":"(anonymous_31)","decl":{"start":{"line":258,"column":11},"end":{"line":258,"column":12}},"loc":{"start":{"line":258,"column":22},"end":{"line":265,"column":3}},"line":258},"32":{"name":"(anonymous_32)","decl":{"start":{"line":268,"column":29},"end":{"line":268,"column":30}},"loc":{"start":{"line":269,"column":2},"end":{"line":276,"column":4}},"line":269},"33":{"name":"(anonymous_33)","decl":{"start":{"line":278,"column":25},"end":{"line":278,"column":26}},"loc":{"start":{"line":279,"column":2},"end":{"line":287,"column":59}},"line":279},"34":{"name":"(anonymous_34)","decl":{"start":{"line":287,"column":10},"end":{"line":287,"column":11}},"loc":{"start":{"line":287,"column":19},"end":{"line":287,"column":58}},"line":287}},"branchMap":{"0":{"loc":{"start":{"line":5,"column":2},"end":{"line":5,"column":71}},"type":"binary-expr","locations":[{"start":{"line":5,"column":2},"end":{"line":5,"column":28}},{"start":{"line":5,"column":32},"end":{"line":5,"column":71}}],"line":5},"1":{"loc":{"start":{"line":9,"column":2},"end":{"line":9,"column":31}},"type":"if","locations":[{"start":{"line":9,"column":2},"end":{"line":9,"column":31}},{"start":{},"end":{}}],"line":9},"2":{"loc":{"start":{"line":34,"column":6},"end":{"line":36,"column":7}},"type":"if","locations":[{"start":{"line":34,"column":6},"end":{"line":36,"column":7}},{"start":{},"end":{}}],"line":34},"3":{"loc":{"start":{"line":52,"column":6},"end":{"line":52,"column":76}},"type":"binary-expr","locations":[{"start":{"line":52,"column":6},"end":{"line":52,"column":34}},{"start":{"line":52,"column":38},"end":{"line":52,"column":55}},{"start":{"line":52,"column":59},"end":{"line":52,"column":76}}],"line":52},"4":{"loc":{"start":{"line":54,"column":4},"end":{"line":68,"column":5}},"type":"if","locations":[{"start":{"line":54,"column":4},"end":{"line":68,"column":5}},{"start":{},"end":{}}],"line":54},"5":{"loc":{"start":{"line":54,"column":8},"end":{"line":54,"column":64}},"type":"binary-expr","locations":[{"start":{"line":54,"column":8},"end":{"line":54,"column":24}},{"start":{"line":54,"column":28},"end":{"line":54,"column":64}}],"line":54},"6":{"loc":{"start":{"line":57,"column":8},"end":{"line":57,"column":51}},"type":"if","locations":[{"start":{"line":57,"column":8},"end":{"line":57,"column":51}},{"start":{},"end":{}}],"line":57},"7":{"loc":{"start":{"line":75,"column":2},"end":{"line":75,"column":79}},"type":"cond-expr","locations":[{"start":{"line":75,"column":11},"end":{"line":75,"column":66}},{"start":{"line":75,"column":70},"end":{"line":75,"column":79}}],"line":75},"8":{"loc":{"start":{"line":75,"column":11},"end":{"line":75,"column":66}},"type":"cond-expr","locations":[{"start":{"line":75,"column":41},"end":{"line":75,"column":46}},{"start":{"line":75,"column":49},"end":{"line":75,"column":66}}],"line":75},"9":{"loc":{"start":{"line":95,"column":6},"end":{"line":95,"column":42}},"type":"if","locations":[{"start":{"line":95,"column":6},"end":{"line":95,"column":42}},{"start":{},"end":{}}],"line":95},"10":{"loc":{"start":{"line":103,"column":6},"end":{"line":103,"column":37}},"type":"if","locations":[{"start":{"line":103,"column":6},"end":{"line":103,"column":37}},{"start":{},"end":{}}],"line":103},"11":{"loc":{"start":{"line":111,"column":2},"end":{"line":113,"column":3}},"type":"if","locations":[{"start":{"line":111,"column":2},"end":{"line":113,"column":3}},{"start":{},"end":{}}],"line":111},"12":{"loc":{"start":{"line":122,"column":4},"end":{"line":122,"column":42}},"type":"if","locations":[{"start":{"line":122,"column":4},"end":{"line":122,"column":42}},{"start":{},"end":{}}],"line":122},"13":{"loc":{"start":{"line":143,"column":4},"end":{"line":143,"column":35}},"type":"if","locations":[{"start":{"line":143,"column":4},"end":{"line":143,"column":35}},{"start":{},"end":{}}],"line":143},"14":{"loc":{"start":{"line":181,"column":6},"end":{"line":181,"column":37}},"type":"if","locations":[{"start":{"line":181,"column":6},"end":{"line":181,"column":37}},{"start":{},"end":{}}],"line":181},"15":{"loc":{"start":{"line":200,"column":6},"end":{"line":200,"column":37}},"type":"if","locations":[{"start":{"line":200,"column":6},"end":{"line":200,"column":37}},{"start":{},"end":{}}],"line":200},"16":{"loc":{"start":{"line":214,"column":6},"end":{"line":214,"column":37}},"type":"if","locations":[{"start":{"line":214,"column":6},"end":{"line":214,"column":37}},{"start":{},"end":{}}],"line":214},"17":{"loc":{"start":{"line":228,"column":6},"end":{"line":228,"column":37}},"type":"if","locations":[{"start":{"line":228,"column":6},"end":{"line":228,"column":37}},{"start":{},"end":{}}],"line":228},"18":{"loc":{"start":{"line":238,"column":2},"end":{"line":248,"column":3}},"type":"if","locations":[{"start":{"line":238,"column":2},"end":{"line":248,"column":3}},{"start":{},"end":{}}],"line":238},"19":{"loc":{"start":{"line":238,"column":6},"end":{"line":238,"column":58}},"type":"binary-expr","locations":[{"start":{"line":238,"column":6},"end":{"line":238,"column":18}},{"start":{"line":238,"column":22},"end":{"line":238,"column":58}}],"line":238},"20":{"loc":{"start":{"line":250,"column":2},"end":{"line":252,"column":3}},"type":"if","locations":[{"start":{"line":250,"column":2},"end":{"line":252,"column":3}},{"start":{},"end":{}}],"line":250},"21":{"loc":{"start":{"line":260,"column":4},"end":{"line":263,"column":5}},"type":"if","locations":[{"start":{"line":260,"column":4},"end":{"line":263,"column":5}},{"start":{},"end":{}}],"line":260},"22":{"loc":{"start":{"line":260,"column":8},"end":{"line":260,"column":52}},"type":"binary-expr","locations":[{"start":{"line":260,"column":8},"end":{"line":260,"column":28}},{"start":{"line":260,"column":32},"end":{"line":260,"column":52}}],"line":260}},"s":{"0":4,"1":4,"2":0,"3":0,"4":0,"5":0,"6":4,"7":0,"8":0,"9":0,"10":0,"11":0,"12":0,"13":0,"14":4,"15":0,"16":0,"17":0,"18":0,"19":0,"20":0,"21":0,"22":0,"23":0,"24":0,"25":0,"26":0,"27":0,"28":0,"29":0,"30":0,"31":0,"32":4,"33":0,"34":4,"35":0,"36":0,"37":0,"38":0,"39":0,"40":4,"41":0,"42":0,"43":0,"44":0,"45":0,"46":4,"47":0,"48":0,"49":0,"50":0,"51":0,"52":0,"53":0,"54":0,"55":4,"56":0,"57":0,"58":0,"59":0,"60":4,"61":0,"62":0,"63":4,"64":0,"65":0,"66":0,"67":0,"68":0,"69":4,"70":0,"71":0,"72":0,"73":0,"74":0,"75":4,"76":0,"77":0,"78":0,"79":0,"80":0,"81":4,"82":0,"83":0,"84":0,"85":0,"86":0,"87":4,"88":0,"89":0,"90":0,"91":0,"92":0,"93":0,"94":0,"95":0,"96":0,"97":0,"98":0,"99":0,"100":0,"101":0,"102":0,"103":4,"104":0,"105":4,"106":0,"107":0},"f":{"0":0,"1":0,"2":0,"3":0,"4":0,"5":0,"6":0,"7":0,"8":0,"9":0,"10":0,"11":0,"12":0,"13":0,"14":0,"15":0,"16":0,"17":0,"18":0,"19":0,"20":0,"21":0,"22":0,"23":0,"24":0,"25":0,"26":0,"27":0,"28":0,"29":0,"30":0,"31":0,"32":0,"33":0,"34":0},"b":{"0":[4,4],"1":[0,0],"2":[0,0],"3":[0,0,0],"4":[0,0],"5":[0,0],"6":[0,0],"7":[0,0],"8":[0,0],"9":[0,0],"10":[0,0],"11":[0,0],"12":[0,0],"13":[0,0],"14":[0,0],"15":[0,0],"16":[0,0],"17":[0,0],"18":[0,0],"19":[0,0],"20":[0,0],"21":[0,0],"22":[0,0]},"_coverageSchema":"1a1c01bbd47fc00a2c39e90264f33305004495a9","hash":"0f2e95ac387bf3a75750d3328f78a363470a02c6"}
,"C:\\Users\\Usr\\Desktop\\Stellar-Burger\\src\\utils\\cookie.ts": {"path":"C:\\Users\\Usr\\Desktop\\Stellar-Burger\\src\\utils\\cookie.ts","statementMap":{"0":{"start":{"line":2,"column":18},"end":{"line":8,"column":3}},"1":{"start":{"line":9,"column":2},"end":{"line":9,"column":62}},"2":{"start":{"line":17,"column":2},"end":{"line":20,"column":4}},"3":{"start":{"line":22,"column":12},"end":{"line":22,"column":25}},"4":{"start":{"line":23,"column":2},"end":{"line":27,"column":3}},"5":{"start":{"line":24,"column":14},"end":{"line":24,"column":24}},"6":{"start":{"line":25,"column":4},"end":{"line":25,"column":40}},"7":{"start":{"line":26,"column":4},"end":{"line":26,"column":28}},"8":{"start":{"line":29,"column":2},"end":{"line":31,"column":3}},"9":{"start":{"line":30,"column":4},"end":{"line":30,"column":38}},"10":{"start":{"line":32,"column":2},"end":{"line":32,"column":36}},"11":{"start":{"line":33,"column":22},"end":{"line":33,"column":40}},"12":{"start":{"line":34,"column":2},"end":{"line":40,"column":3}},"13":{"start":{"line":35,"column":4},"end":{"line":35,"column":37}},"14":{"start":{"line":36,"column":22},"end":{"line":36,"column":37}},"15":{"start":{"line":37,"column":4},"end":{"line":39,"column":5}},"16":{"start":{"line":38,"column":6},"end":{"line":38,"column":39}},"17":{"start":{"line":41,"column":2},"end":{"line":41,"column":34}},"18":{"start":{"line":45,"column":2},"end":{"line":45,"column":39}}},"fnMap":{"0":{"name":"getCookie","decl":{"start":{"line":1,"column":16},"end":{"line":1,"column":25}},"loc":{"start":{"line":1,"column":60},"end":{"line":10,"column":1}},"line":1},"1":{"name":"setCookie","decl":{"start":{"line":12,"column":16},"end":{"line":12,"column":25}},"loc":{"start":{"line":16,"column":2},"end":{"line":42,"column":1}},"line":16},"2":{"name":"deleteCookie","decl":{"start":{"line":44,"column":16},"end":{"line":44,"column":28}},"loc":{"start":{"line":44,"column":43},"end":{"line":46,"column":1}},"line":44}},"branchMap":{"0":{"loc":{"start":{"line":9,"column":9},"end":{"line":9,"column":61}},"type":"cond-expr","locations":[{"start":{"line":9,"column":19},"end":{"line":9,"column":49}},{"start":{"line":9,"column":52},"end":{"line":9,"column":61}}],"line":9},"1":{"loc":{"start":{"line":15,"column":2},"end":{"line":15,"column":65}},"type":"default-arg","locations":[{"start":{"line":15,"column":63},"end":{"line":15,"column":65}}],"line":15},"2":{"loc":{"start":{"line":23,"column":2},"end":{"line":27,"column":3}},"type":"if","locations":[{"start":{"line":23,"column":2},"end":{"line":27,"column":3}},{"start":{},"end":{}}],"line":23},"3":{"loc":{"start":{"line":23,"column":6},"end":{"line":23,"column":36}},"type":"binary-expr","locations":[{"start":{"line":23,"column":6},"end":{"line":23,"column":9}},{"start":{"line":23,"column":13},"end":{"line":23,"column":36}}],"line":23},"4":{"loc":{"start":{"line":29,"column":2},"end":{"line":31,"column":3}},"type":"if","locations":[{"start":{"line":29,"column":2},"end":{"line":31,"column":3}},{"start":{},"end":{}}],"line":29},"5":{"loc":{"start":{"line":29,"column":6},"end":{"line":29,"column":32}},"type":"binary-expr","locations":[{"start":{"line":29,"column":6},"end":{"line":29,"column":9}},{"start":{"line":29,"column":13},"end":{"line":29,"column":32}}],"line":29},"6":{"loc":{"start":{"line":37,"column":4},"end":{"line":39,"column":5}},"type":"if","locations":[{"start":{"line":37,"column":4},"end":{"line":39,"column":5}},{"start":{},"end":{}}],"line":37}},"s":{"0":0,"1":0,"2":0,"3":0,"4":0,"5":0,"6":0,"7":0,"8":0,"9":0,"10":0,"11":0,"12":0,"13":0,"14":0,"15":0,"16":0,"17":0,"18":0},"f":{"0":0,"1":0,"2":0},"b":{"0":[0,0],"1":[0],"2":[0,0],"3":[0,0],"4":[0,0],"5":[0,0],"6":[0,0]},"_coverageSchema":"1a1c01bbd47fc00a2c39e90264f33305004495a9","hash":"c1b9581a98cbc0c26af1a98dbaa7966ff4c055e9"}
,"C:\\Users\\Usr\\Desktop\\Stellar-Burger\\src\\utils\\websocket.ts": {"path":"C:\\Users\\Usr\\Desktop\\Stellar-Burger\\src\\utils\\websocket.ts","statementMap":{"0":{"start":{"line":4,"column":27},"end":{"line":4,"column":60}},"1":{"start":{"line":6,"column":34},"end":{"line":23,"column":1}},"2":{"start":{"line":11,"column":2},"end":{"line":19,"column":3}},"3":{"start":{"line":12,"column":24},"end":{"line":12,"column":48}},"4":{"start":{"line":13,"column":4},"end":{"line":16,"column":5}},"5":{"start":{"line":14,"column":6},"end":{"line":14,"column":78}},"6":{"start":{"line":15,"column":6},"end":{"line":15,"column":16}},"7":{"start":{"line":17,"column":16},"end":{"line":17,"column":74}},"8":{"start":{"line":18,"column":2},"end":{"line":18,"column":48}},"9":{"start":{"line":22,"column":2},"end":{"line":22,"column":37}},"10":{"start":{"line":41,"column":4},"end":{"line":41,"column":19}},"11":{"start":{"line":42,"column":4},"end":{"line":42,"column":31}},"12":{"start":{"line":43,"column":4},"end":{"line":43,"column":41}},"13":{"start":{"line":46,"column":33},"end":{"line":46,"column":37}},"14":{"start":{"line":50,"column":30},"end":{"line":50,"column":31}},"15":{"start":{"line":51,"column":42},"end":{"line":51,"column":43}},"16":{"start":{"line":52,"column":36},"end":{"line":52,"column":40}},"17":{"start":{"line":53,"column":50},"end":{"line":53,"column":54}},"18":{"start":{"line":54,"column":25},"end":{"line":54,"column":30}},"19":{"start":{"line":55,"column":24},"end":{"line":55,"column":29}},"20":{"start":{"line":58,"column":4},"end":{"line":71,"column":5}},"21":{"start":{"line":60,"column":8},"end":{"line":60,"column":33}},"22":{"start":{"line":62,"column":8},"end":{"line":62,"column":32}},"23":{"start":{"line":64,"column":8},"end":{"line":64,"column":34}},"24":{"start":{"line":66,"column":8},"end":{"line":66,"column":36}},"25":{"start":{"line":68,"column":8},"end":{"line":68,"column":37}},"26":{"start":{"line":70,"column":8},"end":{"line":70,"column":31}},"27":{"start":{"line":75,"column":4},"end":{"line":99,"column":5}},"28":{"start":{"line":79,"column":6},"end":{"line":79,"column":31}},"29":{"start":{"line":81,"column":6},"end":{"line":83,"column":7}},"30":{"start":{"line":82,"column":8},"end":{"line":82,"column":42}},"31":{"start":{"line":86,"column":8},"end":{"line":86,"column":69}},"32":{"start":{"line":88,"column":6},"end":{"line":93,"column":8}},"33":{"start":{"line":90,"column":10},"end":{"line":90,"column":25}},"34":{"start":{"line":94,"column":11},"end":{"line":99,"column":5}},"35":{"start":{"line":95,"column":6},"end":{"line":97,"column":8}},"36":{"start":{"line":98,"column":6},"end":{"line":98,"column":37}},"37":{"start":{"line":103,"column":4},"end":{"line":105,"column":5}},"38":{"start":{"line":104,"column":6},"end":{"line":104,"column":13}},"39":{"start":{"line":107,"column":4},"end":{"line":112,"column":5}},"40":{"start":{"line":108,"column":6},"end":{"line":108,"column":24}},"41":{"start":{"line":110,"column":6},"end":{"line":110,"column":56}},"42":{"start":{"line":111,"column":6},"end":{"line":111,"column":13}},"43":{"start":{"line":114,"column":4},"end":{"line":114,"column":29}},"44":{"start":{"line":115,"column":4},"end":{"line":115,"column":38}},"45":{"start":{"line":118,"column":4},"end":{"line":138,"column":5}},"46":{"start":{"line":119,"column":21},"end":{"line":119,"column":29}},"47":{"start":{"line":120,"column":6},"end":{"line":131,"column":7}},"48":{"start":{"line":121,"column":8},"end":{"line":130,"column":9}},"49":{"start":{"line":122,"column":10},"end":{"line":122,"column":31}},"50":{"start":{"line":123,"column":29},"end":{"line":123,"column":57}},"51":{"start":{"line":124,"column":10},"end":{"line":126,"column":11}},"52":{"start":{"line":125,"column":12},"end":{"line":125,"column":89}},"53":{"start":{"line":127,"column":10},"end":{"line":127,"column":32}},"54":{"start":{"line":129,"column":10},"end":{"line":129,"column":92}},"55":{"start":{"line":133,"column":6},"end":{"line":133,"column":40}},"56":{"start":{"line":135,"column":6},"end":{"line":135,"column":32}},"57":{"start":{"line":136,"column":6},"end":{"line":136,"column":37}},"58":{"start":{"line":137,"column":6},"end":{"line":137,"column":13}},"59":{"start":{"line":140,"column":4},"end":{"line":144,"column":6}},"60":{"start":{"line":141,"column":6},"end":{"line":141,"column":32}},"61":{"start":{"line":142,"column":6},"end":{"line":142,"column":36}},"62":{"start":{"line":143,"column":6},"end":{"line":143,"column":33}},"63":{"start":{"line":146,"column":4},"end":{"line":151,"column":6}},"64":{"start":{"line":147,"column":6},"end":{"line":150,"column":24}},"65":{"start":{"line":148,"column":21},"end":{"line":148,"column":43}},"66":{"start":{"line":149,"column":8},"end":{"line":149,"column":29}},"67":{"start":{"line":153,"column":4},"end":{"line":203,"column":6}},"68":{"start":{"line":154,"column":6},"end":{"line":154,"column":32}},"69":{"start":{"line":155,"column":6},"end":{"line":155,"column":37}},"70":{"start":{"line":158,"column":6},"end":{"line":161,"column":7}},"71":{"start":{"line":159,"column":8},"end":{"line":159,"column":33}},"72":{"start":{"line":160,"column":8},"end":{"line":160,"column":15}},"73":{"start":{"line":164,"column":6},"end":{"line":166,"column":7}},"74":{"start":{"line":165,"column":8},"end":{"line":165,"column":15}},"75":{"start":{"line":170,"column":6},"end":{"line":186,"column":7}},"76":{"start":{"line":171,"column":8},"end":{"line":173,"column":9}},"77":{"start":{"line":172,"column":10},"end":{"line":172,"column":44}},"78":{"start":{"line":174,"column":8},"end":{"line":179,"column":9}},"79":{"start":{"line":176,"column":10},"end":{"line":178,"column":12}},"80":{"start":{"line":180,"column":8},"end":{"line":184,"column":17}},"81":{"start":{"line":182,"column":10},"end":{"line":182,"column":65}},"82":{"start":{"line":183,"column":10},"end":{"line":183,"column":25}},"83":{"start":{"line":185,"column":8},"end":{"line":185,"column":15}},"84":{"start":{"line":189,"column":6},"end":{"line":201,"column":7}},"85":{"start":{"line":190,"column":8},"end":{"line":192,"column":10}},"86":{"start":{"line":193,"column":8},"end":{"line":196,"column":10}},"87":{"start":{"line":198,"column":8},"end":{"line":200,"column":10}},"88":{"start":{"line":202,"column":6},"end":{"line":202,"column":26}},"89":{"start":{"line":205,"column":4},"end":{"line":216,"column":6}},"90":{"start":{"line":206,"column":6},"end":{"line":206,"column":32}},"91":{"start":{"line":207,"column":6},"end":{"line":207,"column":37}},"92":{"start":{"line":209,"column":6},"end":{"line":211,"column":7}},"93":{"start":{"line":210,"column":8},"end":{"line":210,"column":15}},"94":{"start":{"line":213,"column":6},"end":{"line":215,"column":7}},"95":{"start":{"line":214,"column":8},"end":{"line":214,"column":28}},"96":{"start":{"line":220,"column":4},"end":{"line":220,"column":28}},"97":{"start":{"line":221,"column":4},"end":{"line":221,"column":55}},"98":{"start":{"line":222,"column":4},"end":{"line":222,"column":30}},"99":{"start":{"line":224,"column":4},"end":{"line":227,"column":5}},"100":{"start":{"line":225,"column":6},"end":{"line":225,"column":40}},"101":{"start":{"line":226,"column":6},"end":{"line":226,"column":33}},"102":{"start":{"line":229,"column":4},"end":{"line":255,"column":5}},"103":{"start":{"line":230,"column":22},"end":{"line":230,"column":29}},"104":{"start":{"line":231,"column":6},"end":{"line":253,"column":7}},"105":{"start":{"line":232,"column":8},"end":{"line":250,"column":9}},"106":{"start":{"line":234,"column":37},"end":{"line":238,"column":11}},"107":{"start":{"line":235,"column":12},"end":{"line":237,"column":22}},"108":{"start":{"line":236,"column":14},"end":{"line":236,"column":52}},"109":{"start":{"line":239,"column":10},"end":{"line":239,"column":79}},"110":{"start":{"line":241,"column":10},"end":{"line":247,"column":19}},"111":{"start":{"line":242,"column":12},"end":{"line":246,"column":22}},"112":{"start":{"line":243,"column":14},"end":{"line":245,"column":15}},"113":{"start":{"line":244,"column":16},"end":{"line":244,"column":32}},"114":{"start":{"line":249,"column":10},"end":{"line":249,"column":48}},"115":{"start":{"line":254,"column":6},"end":{"line":254,"column":21}},"116":{"start":{"line":256,"column":4},"end":{"line":256,"column":35}},"117":{"start":{"line":260,"column":4},"end":{"line":260,"column":35}},"118":{"start":{"line":260,"column":18},"end":{"line":260,"column":35}},"119":{"start":{"line":262,"column":4},"end":{"line":269,"column":5}},"120":{"start":{"line":264,"column":8},"end":{"line":264,"column":28}},"121":{"start":{"line":266,"column":8},"end":{"line":266,"column":24}},"122":{"start":{"line":268,"column":8},"end":{"line":268,"column":25}}},"fnMap":{"0":{"name":"(anonymous_0)","decl":{"start":{"line":6,"column":34},"end":{"line":6,"column":35}},"loc":{"start":{"line":9,"column":13},"end":{"line":23,"column":1}},"line":9},"1":{"name":"(anonymous_1)","decl":{"start":{"line":36,"column":2},"end":{"line":36,"column":3}},"loc":{"start":{"line":40,"column":4},"end":{"line":44,"column":3}},"line":40},"2":{"name":"(anonymous_2)","decl":{"start":{"line":57,"column":2},"end":{"line":57,"column":3}},"loc":{"start":{"line":57,"column":47},"end":{"line":72,"column":3}},"line":57},"3":{"name":"(anonymous_3)","decl":{"start":{"line":74,"column":2},"end":{"line":74,"column":3}},"loc":{"start":{"line":74,"column":25},"end":{"line":100,"column":3}},"line":74},"4":{"name":"(anonymous_4)","decl":{"start":{"line":89,"column":8},"end":{"line":89,"column":9}},"loc":{"start":{"line":89,"column":14},"end":{"line":91,"column":9}},"line":89},"5":{"name":"(anonymous_5)","decl":{"start":{"line":102,"column":2},"end":{"line":102,"column":3}},"loc":{"start":{"line":102,"column":18},"end":{"line":217,"column":3}},"line":102},"6":{"name":"(anonymous_6)","decl":{"start":{"line":140,"column":21},"end":{"line":140,"column":22}},"loc":{"start":{"line":140,"column":27},"end":{"line":144,"column":5}},"line":140},"7":{"name":"(anonymous_7)","decl":{"start":{"line":146,"column":24},"end":{"line":146,"column":25}},"loc":{"start":{"line":146,"column":35},"end":{"line":151,"column":5}},"line":146},"8":{"name":"(anonymous_8)","decl":{"start":{"line":153,"column":22},"end":{"line":153,"column":23}},"loc":{"start":{"line":153,"column":33},"end":{"line":203,"column":5}},"line":153},"9":{"name":"(anonymous_9)","decl":{"start":{"line":180,"column":41},"end":{"line":180,"column":42}},"loc":{"start":{"line":180,"column":47},"end":{"line":184,"column":9}},"line":180},"10":{"name":"(anonymous_10)","decl":{"start":{"line":205,"column":22},"end":{"line":205,"column":23}},"loc":{"start":{"line":205,"column":28},"end":{"line":216,"column":5}},"line":205},"11":{"name":"(anonymous_11)","decl":{"start":{"line":219,"column":2},"end":{"line":219,"column":3}},"loc":{"start":{"line":219,"column":15},"end":{"line":257,"column":3}},"line":219},"12":{"name":"(anonymous_12)","decl":{"start":{"line":234,"column":37},"end":{"line":234,"column":38}},"loc":{"start":{"line":234,"column":43},"end":{"line":238,"column":11}},"line":234},"13":{"name":"(anonymous_13)","decl":{"start":{"line":241,"column":21},"end":{"line":241,"column":22}},"loc":{"start":{"line":241,"column":27},"end":{"line":247,"column":11}},"line":241},"14":{"name":"(anonymous_14)","decl":{"start":{"line":259,"column":2},"end":{"line":259,"column":3}},"loc":{"start":{"line":259,"column":24},"end":{"line":270,"column":3}},"line":259}},"branchMap":{"0":{"loc":{"start":{"line":7,"column":2},"end":{"line":7,"column":23}},"type":"default-arg","locations":[{"start":{"line":7,"column":21},"end":{"line":7,"column":23}}],"line":7},"1":{"loc":{"start":{"line":8,"column":2},"end":{"line":8,"column":27}},"type":"default-arg","locations":[{"start":{"line":8,"column":22},"end":{"line":8,"column":27}}],"line":8},"2":{"loc":{"start":{"line":11,"column":2},"end":{"line":19,"column":3}},"type":"if","locations":[{"start":{"line":11,"column":2},"end":{"line":19,"column":3}},{"start":{},"end":{}}],"line":11},"3":{"loc":{"start":{"line":13,"column":4},"end":{"line":16,"column":5}},"type":"if","locations":[{"start":{"line":13,"column":4},"end":{"line":16,"column":5}},{"start":{},"end":{}}],"line":13},"4":{"loc":{"start":{"line":58,"column":4},"end":{"line":71,"column":5}},"type":"switch","locations":[{"start":{"line":59,"column":6},"end":{"line":60,"column":33}},{"start":{"line":61,"column":6},"end":{"line":62,"column":32}},{"start":{"line":63,"column":6},"end":{"line":64,"column":34}},{"start":{"line":65,"column":6},"end":{"line":66,"column":36}},{"start":{"line":67,"column":6},"end":{"line":68,"column":37}},{"start":{"line":69,"column":6},"end":{"line":70,"column":31}}],"line":58},"5":{"loc":{"start":{"line":75,"column":4},"end":{"line":99,"column":5}},"type":"if","locations":[{"start":{"line":75,"column":4},"end":{"line":99,"column":5}},{"start":{"line":94,"column":11},"end":{"line":99,"column":5}}],"line":75},"6":{"loc":{"start":{"line":76,"column":6},"end":{"line":77,"column":24}},"type":"binary-expr","locations":[{"start":{"line":76,"column":6},"end":{"line":76,"column":56}},{"start":{"line":77,"column":6},"end":{"line":77,"column":24}}],"line":76},"7":{"loc":{"start":{"line":81,"column":6},"end":{"line":83,"column":7}},"type":"if","locations":[{"start":{"line":81,"column":6},"end":{"line":83,"column":7}},{"start":{},"end":{}}],"line":81},"8":{"loc":{"start":{"line":94,"column":11},"end":{"line":99,"column":5}},"type":"if","locations":[{"start":{"line":94,"column":11},"end":{"line":99,"column":5}},{"start":{},"end":{}}],"line":94},"9":{"loc":{"start":{"line":103,"column":4},"end":{"line":105,"column":5}},"type":"if","locations":[{"start":{"line":103,"column":4},"end":{"line":105,"column":5}},{"start":{},"end":{}}],"line":103},"10":{"loc":{"start":{"line":103,"column":8},"end":{"line":103,"column":67}},"type":"binary-expr","locations":[{"start":{"line":103,"column":8},"end":{"line":103,"column":46}},{"start":{"line":103,"column":50},"end":{"line":103,"column":67}}],"line":103},"11":{"loc":{"start":{"line":120,"column":6},"end":{"line":131,"column":7}},"type":"if","locations":[{"start":{"line":120,"column":6},"end":{"line":131,"column":7}},{"start":{},"end":{}}],"line":120},"12":{"loc":{"start":{"line":124,"column":10},"end":{"line":126,"column":11}},"type":"if","locations":[{"start":{"line":124,"column":10},"end":{"line":126,"column":11}},{"start":{},"end":{}}],"line":124},"13":{"loc":{"start":{"line":158,"column":6},"end":{"line":161,"column":7}},"type":"if","locations":[{"start":{"line":158,"column":6},"end":{"line":161,"column":7}},{"start":{},"end":{}}],"line":158},"14":{"loc":{"start":{"line":164,"column":6},"end":{"line":166,"column":7}},"type":"if","locations":[{"start":{"line":164,"column":6},"end":{"line":166,"column":7}},{"start":{},"end":{}}],"line":164},"15":{"loc":{"start":{"line":170,"column":6},"end":{"line":186,"column":7}},"type":"if","locations":[{"start":{"line":170,"column":6},"end":{"line":186,"column":7}},{"start":{},"end":{}}],"line":170},"16":{"loc":{"start":{"line":171,"column":8},"end":{"line":173,"column":9}},"type":"if","locations":[{"start":{"line":171,"column":8},"end":{"line":173,"column":9}},{"start":{},"end":{}}],"line":171},"17":{"loc":{"start":{"line":174,"column":8},"end":{"line":179,"column":9}},"type":"if","locations":[{"start":{"line":174,"column":8},"end":{"line":179,"column":9}},{"start":{},"end":{}}],"line":174},"18":{"loc":{"start":{"line":189,"column":6},"end":{"line":201,"column":7}},"type":"if","locations":[{"start":{"line":189,"column":6},"end":{"line":201,"column":7}},{"start":{"line":197,"column":13},"end":{"line":201,"column":7}}],"line":189},"19":{"loc":{"start":{"line":189,"column":10},"end":{"line":189,"column":52}},"type":"binary-expr","locations":[{"start":{"line":189,"column":10},"end":{"line":189,"column":29}},{"start":{"line":189,"column":33},"end":{"line":189,"column":52}}],"line":189},"20":{"loc":{"start":{"line":209,"column":6},"end":{"line":211,"column":7}},"type":"if","locations":[{"start":{"line":209,"column":6},"end":{"line":211,"column":7}},{"start":{},"end":{}}],"line":209},"21":{"loc":{"start":{"line":213,"column":6},"end":{"line":215,"column":7}},"type":"if","locations":[{"start":{"line":213,"column":6},"end":{"line":215,"column":7}},{"start":{},"end":{}}],"line":213},"22":{"loc":{"start":{"line":224,"column":4},"end":{"line":227,"column":5}},"type":"if","locations":[{"start":{"line":224,"column":4},"end":{"line":227,"column":5}},{"start":{},"end":{}}],"line":224},"23":{"loc":{"start":{"line":229,"column":4},"end":{"line":255,"column":5}},"type":"if","locations":[{"start":{"line":229,"column":4},"end":{"line":255,"column":5}},{"start":{},"end":{}}],"line":229},"24":{"loc":{"start":{"line":232,"column":8},"end":{"line":250,"column":9}},"type":"if","locations":[{"start":{"line":232,"column":8},"end":{"line":250,"column":9}},{"start":{"line":248,"column":15},"end":{"line":250,"column":9}}],"line":232},"25":{"loc":{"start":{"line":243,"column":14},"end":{"line":245,"column":15}},"type":"if","locations":[{"start":{"line":243,"column":14},"end":{"line":245,"column":15}},{"start":{},"end":{}}],"line":243},"26":{"loc":{"start":{"line":260,"column":4},"end":{"line":260,"column":35}},"type":"if","locations":[{"start":{"line":260,"column":4},"end":{"line":260,"column":35}},{"start":{},"end":{}}],"line":260},"27":{"loc":{"start":{"line":262,"column":4},"end":{"line":269,"column":5}},"type":"switch","locations":[{"start":{"line":263,"column":6},"end":{"line":264,"column":28}},{"start":{"line":265,"column":6},"end":{"line":266,"column":24}},{"start":{"line":267,"column":6},"end":{"line":268,"column":25}}],"line":262}},"s":{"0":2,"1":2,"2":0,"3":0,"4":0,"5":0,"6":0,"7":0,"8":0,"9":0,"10":0,"11":0,"12":0,"13":0,"14":0,"15":0,"16":0,"17":0,"18":0,"19":0,"20":0,"21":0,"22":0,"23":0,"24":0,"25":0,"26":0,"27":0,"28":0,"29":0,"30":0,"31":0,"32":0,"33":0,"34":0,"35":0,"36":0,"37":0,"38":0,"39":0,"40":0,"41":0,"42":0,"43":0,"44":0,"45":0,"46":0,"47":0,"48":0,"49":0,"50":0,"51":0,"52":0,"53":0,"54":0,"55":0,"56":0,"57":0,"58":0,"59":0,"60":0,"61":0,"62":0,"63":0,"64":0,"65":0,"66":0,"67":0,"68":0,"69":0,"70":0,"71":0,"72":0,"73":0,"74":0,"75":0,"76":0,"77":0,"78":0,"79":0,"80":0,"81":0,"82":0,"83":0,"84":0,"85":0,"86":0,"87":0,"88":0,"89":0,"90":0,"91":0,"92":0,"93":0,"94":0,"95":0,"96":0,"97":0,"98":0,"99":0,"100":0,"101":0,"102":0,"103":0,"104":0,"105":0,"106":0,"107":0,"108":0,"109":0,"110":0,"111":0,"112":0,"113":0,"114":0,"115":0,"116":0,"117":0,"118":0,"119":0,"120":0,"121":0,"122":0},"f":{"0":0,"1":0,"2":0,"3":0,"4":0,"5":0,"6":0,"7":0,"8":0,"9":0,"10":0,"11":0,"12":0,"13":0,"14":0},"b":{"0":[0],"1":[0],"2":[0,0],"3":[0,0],"4":[0,0,0,0,0,0],"5":[0,0],"6":[0,0],"7":[0,0],"8":[0,0],"9":[0,0],"10":[0,0],"11":[0,0],"12":[0,0],"13":[0,0],"14":[0,0],"15":[0,0],"16":[0,0],"17":[0,0],"18":[0,0],"19":[0,0],"20":[0,0],"21":[0,0],"22":[0,0],"23":[0,0],"24":[0,0],"25":[0,0],"26":[0,0],"27":[0,0,0]},"_coverageSchema":"1a1c01bbd47fc00a2c39e90264f33305004495a9","hash":"929a9adca074d9f75dd1d6bce5d5d6cbbd367844"}
}
