TN:
SF:src\services\rootReducer.ts
FNF:0
FNH:0
DA:7,1
LF:1
LH:1
BRF:0
BRH:0
end_of_record
TN:
SF:src\services\slices\constructorSlice.ts
FN:20,(anonymous_0)
FN:27,(anonymous_1)
FN:31,(anonymous_2)
FN:33,(anonymous_3)
FN:36,(anonymous_4)
FN:45,(anonymous_5)
FNF:6
FNH:6
FNDA:8,(anonymous_0)
FNDA:8,(anonymous_1)
FNDA:1,(anonymous_2)
FNDA:1,(anonymous_3)
FNDA:1,(anonymous_4)
FNDA:1,(anonymous_5)
DA:10,2
DA:15,2
DA:21,8
DA:22,2
DA:24,6
DA:27,8
DA:32,1
DA:33,1
DA:40,1
DA:41,1
DA:42,1
DA:43,1
DA:46,1
DA:47,1
DA:57,2
LF:15
LH:15
BRDA:21,0,0,2
BRDA:21,0,1,6
BRF:2
BRH:2
end_of_record
TN:
SF:src\services\slices\ingredientsSlice.ts
FN:9,(anonymous_0)
FN:35,(anonymous_1)
FN:37,(anonymous_2)
FN:43,(anonymous_3)
FN:48,(anonymous_4)
FNF:5
FNH:4
FNDA:0,(anonymous_0)
FNDA:2,(anonymous_1)
FNDA:1,(anonymous_2)
FNDA:1,(anonymous_3)
FNDA:1,(anonymous_4)
DA:5,2
DA:10,0
DA:11,0
DA:13,0
DA:25,2
DA:31,2
DA:36,2
DA:38,1
DA:39,1
DA:44,1
DA:45,1
DA:49,1
DA:50,1
LF:13
LH:10
BRDA:14,0,0,0
BRDA:14,0,1,0
BRDA:50,1,0,1
BRDA:50,1,1,0
BRF:4
BRH:1
end_of_record
TN:
SF:src\services\slices\ordersSlice.ts
FN:19,(anonymous_0)
FN:25,(anonymous_1)
FN:32,(anonymous_2)
FN:40,(anonymous_3)
FN:79,(anonymous_4)
FN:82,(anonymous_5)
FN:86,(anonymous_6)
FN:89,(anonymous_7)
FN:93,(anonymous_8)
FN:97,(anonymous_9)
FN:102,(anonymous_10)
FN:106,(anonymous_11)
FN:112,(anonymous_12)
FN:117,(anonymous_13)
FN:123,(anonymous_14)
FN:128,(anonymous_15)
FN:134,(anonymous_16)
FN:140,(anonymous_17)
FN:145,(anonymous_18)
FN:151,(anonymous_19)
FN:152,(anonymous_20)
FN:162,(anonymous_21)
FN:163,(anonymous_22)
FN:173,(anonymous_23)
FN:174,(anonymous_24)
FN:183,(anonymous_25)
FN:184,(anonymous_26)
FNF:27
FNH:20
FNDA:0,(anonymous_0)
FNDA:0,(anonymous_1)
FNDA:0,(anonymous_2)
FNDA:0,(anonymous_3)
FNDA:1,(anonymous_4)
FNDA:1,(anonymous_5)
FNDA:2,(anonymous_6)
FNDA:2,(anonymous_7)
FNDA:1,(anonymous_8)
FNDA:1,(anonymous_9)
FNDA:1,(anonymous_10)
FNDA:1,(anonymous_11)
FNDA:0,(anonymous_12)
FNDA:1,(anonymous_13)
FNDA:1,(anonymous_14)
FNDA:0,(anonymous_15)
FNDA:1,(anonymous_16)
FNDA:1,(anonymous_17)
FNDA:0,(anonymous_18)
FNDA:23,(anonymous_19)
FNDA:3,(anonymous_20)
FNDA:23,(anonymous_21)
FNDA:1,(anonymous_22)
FNDA:23,(anonymous_23)
FNDA:1,(anonymous_24)
FNDA:23,(anonymous_25)
FNDA:2,(anonymous_26)
DA:17,2
DA:20,0
DA:21,0
DA:25,2
DA:26,0
DA:27,0
DA:30,2
DA:33,0
DA:34,0
DA:38,2
DA:41,0
DA:42,0
DA:61,2
DA:75,2
DA:80,1
DA:83,1
DA:87,2
DA:90,2
DA:91,2
DA:94,1
DA:95,1
DA:98,1
DA:99,1
DA:103,1
DA:104,1
DA:107,1
DA:108,1
DA:109,1
DA:110,1
DA:113,0
DA:114,0
DA:118,1
DA:119,1
DA:124,1
DA:125,1
DA:129,0
DA:130,0
DA:135,1
DA:136,1
DA:141,1
DA:142,1
DA:146,0
DA:147,0
DA:151,23
DA:153,3
DA:154,2
DA:155,1
DA:156,1
DA:158,3
DA:162,23
DA:164,1
DA:165,1
DA:166,0
DA:167,0
DA:169,1
DA:173,23
DA:175,1
DA:176,1
DA:177,0
DA:178,0
DA:183,23
DA:185,2
DA:187,2
DA:188,2
DA:189,1
DA:190,1
DA:191,1
DA:192,1
DA:193,1
DA:194,1
DA:202,2
LF:71
LH:53
BRDA:99,0,0,1
BRDA:99,0,1,0
BRDA:114,1,0,0
BRDA:114,1,1,0
BRDA:131,2,0,0
BRDA:131,2,1,0
BRDA:147,3,0,0
BRDA:147,3,1,0
BRDA:153,4,0,2
BRDA:153,4,1,1
BRDA:155,5,0,1
BRDA:155,5,1,0
BRDA:164,6,0,1
BRDA:164,6,1,0
BRDA:166,7,0,0
BRDA:166,7,1,0
BRDA:175,8,0,1
BRDA:175,8,1,0
BRDA:177,9,0,0
BRDA:177,9,1,0
BRDA:187,10,0,2
BRDA:187,10,1,0
BRDA:187,11,0,2
BRDA:187,11,1,2
BRDA:188,12,0,1
BRDA:188,12,1,1
BRDA:190,13,0,1
BRDA:190,13,1,0
BRDA:191,14,0,1
BRDA:191,14,1,0
BRDA:193,15,0,1
BRDA:193,15,1,0
BRF:32
BRH:14
end_of_record
TN:
SF:src\services\slices\userSlice.ts
FN:16,(anonymous_0)
FN:26,(anonymous_1)
FN:34,(anonymous_2)
FN:42,(anonymous_3)
FN:54,(anonymous_4)
FN:80,(anonymous_5)
FN:83,(anonymous_6)
FN:87,(anonymous_7)
FN:89,(anonymous_8)
FN:95,(anonymous_9)
FN:102,(anonymous_10)
FN:108,(anonymous_11)
FN:112,(anonymous_12)
FN:118,(anonymous_13)
FN:124,(anonymous_14)
FN:129,(anonymous_15)
FN:132,(anonymous_16)
FN:138,(anonymous_17)
FN:148,(anonymous_18)
FN:152,(anonymous_19)
FN:156,(anonymous_20)
FNF:21
FNH:13
FNDA:0,(anonymous_0)
FNDA:0,(anonymous_1)
FNDA:0,(anonymous_2)
FNDA:0,(anonymous_3)
FNDA:0,(anonymous_4)
FNDA:1,(anonymous_5)
FNDA:1,(anonymous_6)
FNDA:2,(anonymous_7)
FNDA:2,(anonymous_8)
FNDA:1,(anonymous_9)
FNDA:1,(anonymous_10)
FNDA:1,(anonymous_11)
FNDA:3,(anonymous_12)
FNDA:0,(anonymous_13)
FNDA:1,(anonymous_14)
FNDA:1,(anonymous_15)
FNDA:1,(anonymous_16)
FNDA:1,(anonymous_17)
FNDA:0,(anonymous_18)
FNDA:1,(anonymous_19)
FNDA:0,(anonymous_20)
DA:14,2
DA:17,0
DA:18,0
DA:19,0
DA:20,0
DA:24,2
DA:27,0
DA:28,0
DA:29,0
DA:30,0
DA:34,2
DA:35,0
DA:36,0
DA:37,0
DA:40,2
DA:43,0
DA:44,0
DA:45,0
DA:47,0
DA:52,2
DA:55,0
DA:56,0
DA:68,2
DA:76,2
DA:81,1
DA:84,1
DA:88,2
DA:90,2
DA:91,2
DA:96,1
DA:97,1
DA:98,1
DA:99,1
DA:103,1
DA:104,1
DA:105,1
DA:109,1
DA:110,1
DA:113,3
DA:114,3
DA:115,3
DA:116,3
DA:119,0
DA:120,0
DA:121,0
DA:125,1
DA:126,1
DA:130,1
DA:133,1
DA:134,1
DA:135,1
DA:136,1
DA:139,1
DA:140,1
DA:141,1
DA:142,1
DA:144,1
DA:145,1
DA:149,0
DA:150,0
DA:153,1
DA:154,1
DA:157,0
DA:158,0
DA:163,2
LF:65
LH:41
BRDA:47,0,0,0
BRDA:47,0,1,0
BRDA:104,1,0,1
BRDA:104,1,1,0
BRDA:120,2,0,0
BRDA:120,2,1,0
BRDA:158,3,0,0
BRDA:158,3,1,0
BRF:8
BRH:1
end_of_record
TN:
SF:src\services\websocket\socketMiddleware.ts
FN:19,(anonymous_0)
FN:24,(anonymous_1)
FN:29,(anonymous_2)
FN:34,(anonymous_3)
FN:39,(anonymous_4)
FN:44,(anonymous_5)
FN:49,(anonymous_6)
FN:54,(anonymous_7)
FN:59,(anonymous_8)
FN:64,(anonymous_9)
FN:69,(anonymous_10)
FN:74,(anonymous_11)
FN:107,(anonymous_12)
FN:108,(anonymous_13)
FN:113,(anonymous_14)
FN:115,(anonymous_15)
FN:115,(anonymous_16)
FN:115,(anonymous_17)
FN:159,(anonymous_18)
FN:169,(anonymous_19)
FN:218,(anonymous_20)
FN:223,(anonymous_21)
FN:228,(anonymous_22)
FN:229,(anonymous_23)
FNF:24
FNH:0
FNDA:0,(anonymous_0)
FNDA:0,(anonymous_1)
FNDA:0,(anonymous_2)
FNDA:0,(anonymous_3)
FNDA:0,(anonymous_4)
FNDA:0,(anonymous_5)
FNDA:0,(anonymous_6)
FNDA:0,(anonymous_7)
FNDA:0,(anonymous_8)
FNDA:0,(anonymous_9)
FNDA:0,(anonymous_10)
FNDA:0,(anonymous_11)
FNDA:0,(anonymous_12)
FNDA:0,(anonymous_13)
FNDA:0,(anonymous_14)
FNDA:0,(anonymous_15)
FNDA:0,(anonymous_16)
FNDA:0,(anonymous_17)
FNDA:0,(anonymous_18)
FNDA:0,(anonymous_19)
FNDA:0,(anonymous_20)
FNDA:0,(anonymous_21)
FNDA:0,(anonymous_22)
FNDA:0,(anonymous_23)
DA:11,2
DA:12,2
DA:13,2
DA:14,2
DA:15,2
DA:16,2
DA:17,2
DA:19,2
DA:24,2
DA:29,2
DA:34,2
DA:39,2
DA:44,2
DA:49,2
DA:54,2
DA:59,2
DA:64,2
DA:69,2
DA:74,2
DA:99,2
DA:104,2
DA:105,2
DA:107,2
DA:108,0
DA:109,0
DA:113,2
DA:114,0
DA:115,0
DA:116,0
DA:117,0
DA:119,0
DA:120,0
DA:123,0
DA:124,0
DA:127,0
DA:130,0
DA:134,0
DA:138,0
DA:139,0
DA:142,0
DA:143,0
DA:144,0
DA:147,0
DA:148,0
DA:149,0
DA:153,0
DA:154,0
DA:157,0
DA:159,0
DA:160,0
DA:162,0
DA:163,0
DA:164,0
DA:165,0
DA:169,0
DA:170,0
DA:171,0
DA:173,0
DA:174,0
DA:175,0
DA:176,0
DA:178,0
DA:179,0
DA:180,0
DA:181,0
DA:182,0
DA:184,0
DA:188,0
DA:189,0
DA:190,0
DA:191,0
DA:193,0
DA:194,0
DA:197,0
DA:198,0
DA:203,0
DA:205,0
DA:206,0
DA:207,0
DA:208,0
DA:209,0
DA:210,0
DA:214,0
DA:218,2
DA:219,0
DA:220,0
DA:223,2
DA:224,0
DA:225,0
DA:228,2
DA:229,2
LF:91
LH:28
BRDA:119,0,0,0
BRDA:119,0,1,0
BRDA:123,1,0,0
BRDA:123,1,1,0
BRDA:130,2,0,0
BRDA:130,2,1,0
BRDA:142,3,0,0
BRDA:142,3,1,0
BRDA:147,4,0,0
BRDA:147,4,1,0
BRDA:147,5,0,0
BRDA:147,5,1,0
BRDA:162,6,0,0
BRDA:162,6,1,0
BRDA:164,7,0,0
BRDA:164,7,1,0
BRDA:170,8,0,0
BRDA:170,8,1,0
BRDA:173,9,0,0
BRDA:173,9,1,0
BRDA:175,10,0,0
BRDA:175,10,1,0
BRDA:178,11,0,0
BRDA:178,11,1,0
BRDA:179,12,0,0
BRDA:179,12,1,0
BRDA:181,13,0,0
BRDA:181,13,1,0
BRDA:184,14,0,0
BRDA:184,14,1,0
BRDA:193,15,0,0
BRDA:193,15,1,0
BRDA:197,16,0,0
BRDA:197,16,1,0
BRDA:205,17,0,0
BRDA:205,17,1,0
BRDA:208,18,0,0
BRDA:208,18,1,0
BRF:38
BRH:0
end_of_record
TN:
SF:src\utils\burger-api.ts
FN:7,(anonymous_0)
FN:22,(anonymous_1)
FN:32,(anonymous_2)
FN:33,(anonymous_3)
FN:42,(anonymous_4)
FN:74,(anonymous_5)
FN:91,(anonymous_6)
FN:93,(anonymous_7)
FN:94,(anonymous_8)
FN:99,(anonymous_9)
FN:101,(anonymous_10)
FN:102,(anonymous_11)
FN:107,(anonymous_12)
FN:121,(anonymous_13)
FN:132,(anonymous_14)
FN:142,(anonymous_15)
FN:151,(anonymous_16)
FN:157,(anonymous_17)
FN:171,(anonymous_18)
FN:179,(anonymous_19)
FN:180,(anonymous_20)
FN:190,(anonymous_21)
FN:198,(anonymous_22)
FN:199,(anonymous_23)
FN:204,(anonymous_24)
FN:212,(anonymous_25)
FN:213,(anonymous_26)
FN:218,(anonymous_27)
FN:226,(anonymous_28)
FN:227,(anonymous_29)
FN:234,(anonymous_30)
FN:258,(anonymous_31)
FN:268,(anonymous_32)
FN:278,(anonymous_33)
FN:287,(anonymous_34)
FNF:35
FNH:0
FNDA:0,(anonymous_0)
FNDA:0,(anonymous_1)
FNDA:0,(anonymous_2)
FNDA:0,(anonymous_3)
FNDA:0,(anonymous_4)
FNDA:0,(anonymous_5)
FNDA:0,(anonymous_6)
FNDA:0,(anonymous_7)
FNDA:0,(anonymous_8)
FNDA:0,(anonymous_9)
FNDA:0,(anonymous_10)
FNDA:0,(anonymous_11)
FNDA:0,(anonymous_12)
FNDA:0,(anonymous_13)
FNDA:0,(anonymous_14)
FNDA:0,(anonymous_15)
FNDA:0,(anonymous_16)
FNDA:0,(anonymous_17)
FNDA:0,(anonymous_18)
FNDA:0,(anonymous_19)
FNDA:0,(anonymous_20)
FNDA:0,(anonymous_21)
FNDA:0,(anonymous_22)
FNDA:0,(anonymous_23)
FNDA:0,(anonymous_24)
FNDA:0,(anonymous_25)
FNDA:0,(anonymous_26)
FNDA:0,(anonymous_27)
FNDA:0,(anonymous_28)
FNDA:0,(anonymous_29)
FNDA:0,(anonymous_30)
FNDA:0,(anonymous_31)
FNDA:0,(anonymous_32)
FNDA:0,(anonymous_33)
FNDA:0,(anonymous_34)
DA:5,4
DA:7,4
DA:8,0
DA:9,0
DA:10,0
DA:22,4
DA:23,0
DA:32,0
DA:34,0
DA:35,0
DA:37,0
DA:38,0
DA:39,0
DA:42,4
DA:46,0
DA:47,0
DA:48,0
DA:50,0
DA:52,0
DA:54,0
DA:55,0
DA:56,0
DA:57,0
DA:58,0
DA:60,0
DA:61,0
DA:64,0
DA:65,0
DA:66,0
DA:70,0
DA:74,4
DA:75,0
DA:91,4
DA:92,0
DA:93,0
DA:95,0
DA:96,0
DA:99,4
DA:100,0
DA:101,0
DA:103,0
DA:104,0
DA:107,4
DA:108,0
DA:109,0
DA:111,0
DA:112,0
DA:115,0
DA:122,0
DA:123,0
DA:132,4
DA:133,0
DA:143,0
DA:144,0
DA:151,4
DA:152,0
DA:157,0
DA:171,4
DA:172,0
DA:179,0
DA:181,0
DA:182,0
DA:190,4
DA:191,0
DA:198,0
DA:200,0
DA:201,0
DA:204,4
DA:205,0
DA:212,0
DA:214,0
DA:215,0
DA:218,4
DA:219,0
DA:226,0
DA:228,0
DA:229,0
DA:234,4
DA:236,0
DA:238,0
DA:239,0
DA:240,0
DA:241,0
DA:244,0
DA:245,0
DA:246,0
DA:250,0
DA:251,0
DA:254,0
DA:260,0
DA:261,0
DA:262,0
DA:264,0
DA:268,4
DA:269,0
DA:278,4
DA:279,0
DA:287,0
LF:98
LH:17
BRDA:5,0,0,4
BRDA:5,0,1,4
BRDA:9,1,0,0
BRDA:9,1,1,0
BRDA:34,2,0,0
BRDA:34,2,1,0
BRDA:52,3,0,0
BRDA:52,3,1,0
BRDA:52,3,2,0
BRDA:54,4,0,0
BRDA:54,4,1,0
BRDA:54,5,0,0
BRDA:54,5,1,0
BRDA:57,6,0,0
BRDA:57,6,1,0
BRDA:75,7,0,0
BRDA:75,7,1,0
BRDA:75,8,0,0
BRDA:75,8,1,0
BRDA:95,9,0,0
BRDA:95,9,1,0
BRDA:103,10,0,0
BRDA:103,10,1,0
BRDA:111,11,0,0
BRDA:111,11,1,0
BRDA:122,12,0,0
BRDA:122,12,1,0
BRDA:143,13,0,0
BRDA:143,13,1,0
BRDA:181,14,0,0
BRDA:181,14,1,0
BRDA:200,15,0,0
BRDA:200,15,1,0
BRDA:214,16,0,0
BRDA:214,16,1,0
BRDA:228,17,0,0
BRDA:228,17,1,0
BRDA:238,18,0,0
BRDA:238,18,1,0
BRDA:238,19,0,0
BRDA:238,19,1,0
BRDA:250,20,0,0
BRDA:250,20,1,0
BRDA:260,21,0,0
BRDA:260,21,1,0
BRDA:260,22,0,0
BRDA:260,22,1,0
BRF:47
BRH:2
end_of_record
TN:
SF:src\utils\cookie.ts
FN:1,getCookie
FN:12,setCookie
FN:44,deleteCookie
FNF:3
FNH:0
FNDA:0,getCookie
FNDA:0,setCookie
FNDA:0,deleteCookie
DA:2,0
DA:9,0
DA:17,0
DA:22,0
DA:23,0
DA:24,0
DA:25,0
DA:26,0
DA:29,0
DA:30,0
DA:32,0
DA:33,0
DA:34,0
DA:35,0
DA:36,0
DA:37,0
DA:38,0
DA:41,0
DA:45,0
LF:19
LH:0
BRDA:9,0,0,0
BRDA:9,0,1,0
BRDA:15,1,0,0
BRDA:23,2,0,0
BRDA:23,2,1,0
BRDA:23,3,0,0
BRDA:23,3,1,0
BRDA:29,4,0,0
BRDA:29,4,1,0
BRDA:29,5,0,0
BRDA:29,5,1,0
BRDA:37,6,0,0
BRDA:37,6,1,0
BRF:13
BRH:0
end_of_record
TN:
SF:src\utils\websocket.ts
FN:6,(anonymous_0)
FN:36,(anonymous_1)
FN:57,(anonymous_2)
FN:74,(anonymous_3)
FN:89,(anonymous_4)
FN:102,(anonymous_5)
FN:140,(anonymous_6)
FN:146,(anonymous_7)
FN:153,(anonymous_8)
FN:180,(anonymous_9)
FN:205,(anonymous_10)
FN:219,(anonymous_11)
FN:234,(anonymous_12)
FN:241,(anonymous_13)
FN:259,(anonymous_14)
FNF:15
FNH:0
FNDA:0,(anonymous_0)
FNDA:0,(anonymous_1)
FNDA:0,(anonymous_2)
FNDA:0,(anonymous_3)
FNDA:0,(anonymous_4)
FNDA:0,(anonymous_5)
FNDA:0,(anonymous_6)
FNDA:0,(anonymous_7)
FNDA:0,(anonymous_8)
FNDA:0,(anonymous_9)
FNDA:0,(anonymous_10)
FNDA:0,(anonymous_11)
FNDA:0,(anonymous_12)
FNDA:0,(anonymous_13)
FNDA:0,(anonymous_14)
DA:4,2
DA:6,2
DA:11,0
DA:12,0
DA:13,0
DA:14,0
DA:15,0
DA:17,0
DA:18,0
DA:22,0
DA:41,0
DA:42,0
DA:43,0
DA:46,0
DA:50,0
DA:51,0
DA:52,0
DA:53,0
DA:54,0
DA:55,0
DA:58,0
DA:60,0
DA:62,0
DA:64,0
DA:66,0
DA:68,0
DA:70,0
DA:75,0
DA:79,0
DA:81,0
DA:82,0
DA:86,0
DA:88,0
DA:90,0
DA:94,0
DA:95,0
DA:98,0
DA:103,0
DA:104,0
DA:107,0
DA:108,0
DA:110,0
DA:111,0
DA:114,0
DA:115,0
DA:118,0
DA:119,0
DA:120,0
DA:121,0
DA:122,0
DA:123,0
DA:124,0
DA:125,0
DA:127,0
DA:129,0
DA:133,0
DA:135,0
DA:136,0
DA:137,0
DA:140,0
DA:141,0
DA:142,0
DA:143,0
DA:146,0
DA:147,0
DA:148,0
DA:149,0
DA:153,0
DA:154,0
DA:155,0
DA:158,0
DA:159,0
DA:160,0
DA:164,0
DA:165,0
DA:170,0
DA:171,0
DA:172,0
DA:174,0
DA:176,0
DA:180,0
DA:182,0
DA:183,0
DA:185,0
DA:189,0
DA:190,0
DA:193,0
DA:198,0
DA:202,0
DA:205,0
DA:206,0
DA:207,0
DA:209,0
DA:210,0
DA:213,0
DA:214,0
DA:220,0
DA:221,0
DA:222,0
DA:224,0
DA:225,0
DA:226,0
DA:229,0
DA:230,0
DA:231,0
DA:232,0
DA:234,0
DA:235,0
DA:236,0
DA:239,0
DA:241,0
DA:242,0
DA:243,0
DA:244,0
DA:249,0
DA:254,0
DA:256,0
DA:260,0
DA:262,0
DA:264,0
DA:266,0
DA:268,0
LF:122
LH:2
BRDA:7,0,0,0
BRDA:8,1,0,0
BRDA:11,2,0,0
BRDA:11,2,1,0
BRDA:13,3,0,0
BRDA:13,3,1,0
BRDA:58,4,0,0
BRDA:58,4,1,0
BRDA:58,4,2,0
BRDA:58,4,3,0
BRDA:58,4,4,0
BRDA:58,4,5,0
BRDA:75,5,0,0
BRDA:75,5,1,0
BRDA:76,6,0,0
BRDA:76,6,1,0
BRDA:81,7,0,0
BRDA:81,7,1,0
BRDA:94,8,0,0
BRDA:94,8,1,0
BRDA:103,9,0,0
BRDA:103,9,1,0
BRDA:103,10,0,0
BRDA:103,10,1,0
BRDA:120,11,0,0
BRDA:120,11,1,0
BRDA:124,12,0,0
BRDA:124,12,1,0
BRDA:158,13,0,0
BRDA:158,13,1,0
BRDA:164,14,0,0
BRDA:164,14,1,0
BRDA:170,15,0,0
BRDA:170,15,1,0
BRDA:171,16,0,0
BRDA:171,16,1,0
BRDA:174,17,0,0
BRDA:174,17,1,0
BRDA:189,18,0,0
BRDA:189,18,1,0
BRDA:189,19,0,0
BRDA:189,19,1,0
BRDA:209,20,0,0
BRDA:209,20,1,0
BRDA:213,21,0,0
BRDA:213,21,1,0
BRDA:224,22,0,0
BRDA:224,22,1,0
BRDA:229,23,0,0
BRDA:229,23,1,0
BRDA:232,24,0,0
BRDA:232,24,1,0
BRDA:243,25,0,0
BRDA:243,25,1,0
BRDA:260,26,0,0
BRDA:260,26,1,0
BRDA:262,27,0,0
BRDA:262,27,1,0
BRDA:262,27,2,0
BRF:59
BRH:0
end_of_record
